[0.893s] Invoking command in '/home/essam/mr_ws/src/control': PYTHONPATH=/home/essam/mr_ws/build/control/prefix_override:/usr/lib/python3/dist-packages/colcon_core/task/python/colcon_distutils_commands:/home/essam/mr_ws/install/control/lib/python3.10/site-packages:${PYTHONPATH} /usr/bin/python3 -W ignore:setup.py install is deprecated -W ignore:easy_install command is deprecated setup.py egg_info --egg-base ../../build/control build --build-base /home/essam/mr_ws/build/control/build install --record /home/essam/mr_ws/build/control/install.log --single-version-externally-managed install_data
[1.174s] running egg_info
[1.194s] writing ../../build/control/control.egg-info/PKG-INFO
[1.195s] writing dependency_links to ../../build/control/control.egg-info/dependency_links.txt
[1.195s] writing entry points to ../../build/control/control.egg-info/entry_points.txt
[1.196s] writing requirements to ../../build/control/control.egg-info/requires.txt
[1.196s] writing top-level names to ../../build/control/control.egg-info/top_level.txt
[1.238s] reading manifest file '../../build/control/control.egg-info/SOURCES.txt'
[1.240s] writing manifest file '../../build/control/control.egg-info/SOURCES.txt'
[1.240s] running build
[1.240s] running build_py
[1.240s] copying control/functions.py -> /home/essam/mr_ws/build/control/build/lib/control
[1.241s] copying control/fake_odom_publisher.py -> /home/essam/mr_ws/build/control/build/lib/control
[1.241s] copying control/odom_node.py -> /home/essam/mr_ws/build/control/build/lib/control
[1.241s] copying control/logic.py -> /home/essam/mr_ws/build/control/build/lib/control
[1.242s] copying control/encoder_speed_node.py -> /home/essam/mr_ws/build/control/build/lib/control
[1.242s] copying control/__init__.py -> /home/essam/mr_ws/build/control/build/lib/control
[1.242s] running install
[1.247s] running install_lib
[1.265s] copying /home/essam/mr_ws/build/control/build/lib/control/odom_node.py -> /home/essam/mr_ws/install/control/lib/python3.10/site-packages/control
[1.265s] byte-compiling /home/essam/mr_ws/install/control/lib/python3.10/site-packages/control/odom_node.py to odom_node.cpython-310.pyc
[1.266s] running install_data
[1.266s] copying resource/control -> /home/essam/mr_ws/install/control/share/ament_index/resource_index/packages
[1.267s] copying package.xml -> /home/essam/mr_ws/install/control/share/control
[1.267s] running install_egg_info
[1.286s] removing '/home/essam/mr_ws/install/control/lib/python3.10/site-packages/control-0.0.0-py3.10.egg-info' (and everything under it)
[1.286s] Copying ../../build/control/control.egg-info to /home/essam/mr_ws/install/control/lib/python3.10/site-packages/control-0.0.0-py3.10.egg-info
[1.287s] running install_scripts
[1.327s] Installing encoder_speed_node script to /home/essam/mr_ws/install/control/lib/control
[1.327s] Installing fake_odom_publisher script to /home/essam/mr_ws/install/control/lib/control
[1.327s] Installing functions script to /home/essam/mr_ws/install/control/lib/control
[1.327s] Installing logic script to /home/essam/mr_ws/install/control/lib/control
[1.327s] Installing odom_node script to /home/essam/mr_ws/install/control/lib/control
[1.328s] writing list of installed files to '/home/essam/mr_ws/build/control/install.log'
[1.350s] Invoked command in '/home/essam/mr_ws/src/control' returned '0': PYTHONPATH=/home/essam/mr_ws/build/control/prefix_override:/usr/lib/python3/dist-packages/colcon_core/task/python/colcon_distutils_commands:/home/essam/mr_ws/install/control/lib/python3.10/site-packages:${PYTHONPATH} /usr/bin/python3 -W ignore:setup.py install is deprecated -W ignore:easy_install command is deprecated setup.py egg_info --egg-base ../../build/control build --build-base /home/essam/mr_ws/build/control/build install --record /home/essam/mr_ws/build/control/install.log --single-version-externally-managed install_data
