[0.113s] DEBUG:colcon:Command line arguments: ['/usr/bin/colcon', 'build']
[0.113s] DEBUG:colcon:Parsed command line arguments: Namespace(log_base=None, log_level=None, verb_name='build', build_base='build', install_base='install', merge_install=False, symlink_install=False, test_result_base=None, continue_on_error=False, executor='parallel', parallel_workers=12, event_handlers=None, ignore_user_meta=False, metas=['./colcon.meta'], base_paths=['.'], packages_ignore=None, packages_ignore_regex=None, paths=None, packages_up_to=None, packages_up_to_regex=None, packages_above=None, packages_above_and_dependencies=None, packages_above_depth=None, packages_select_by_dep=None, packages_skip_by_dep=None, packages_skip_up_to=None, packages_select_build_failed=False, packages_skip_build_finished=False, packages_select_test_failures=False, packages_skip_test_passed=False, packages_select=None, packages_skip=None, packages_select_regex=None, packages_skip_regex=None, packages_start=None, packages_end=None, allow_overriding=[], cmake_args=None, cmake_target=None, cmake_target_skip_unavailable=False, cmake_clean_cache=False, cmake_clean_first=False, cmake_force_configure=False, ament_cmake_args=None, catkin_cmake_args=None, catkin_skip_building_tests=False, verb_parser=<colcon_defaults.argument_parser.defaults.DefaultArgumentsDecorator object at 0x7b371685fa30>, verb_extension=<colcon_core.verb.build.BuildVerb object at 0x7b3716999570>, main=<bound method BuildVerb.main of <colcon_core.verb.build.BuildVerb object at 0x7b3716999570>>)
[0.153s] Level 1:colcon.colcon_core.package_discovery:discover_packages(colcon_meta) check parameters
[0.153s] Level 1:colcon.colcon_core.package_discovery:discover_packages(recursive) check parameters
[0.153s] Level 1:colcon.colcon_core.package_discovery:discover_packages(ignore) check parameters
[0.153s] Level 1:colcon.colcon_core.package_discovery:discover_packages(path) check parameters
[0.153s] Level 1:colcon.colcon_core.package_discovery:discover_packages(colcon_meta) discover
[0.153s] Level 1:colcon.colcon_core.package_discovery:discover_packages(recursive) discover
[0.153s] INFO:colcon.colcon_core.package_discovery:Crawling recursively for packages in '/home/essam/mr_ws'
[0.153s] Level 1:colcon.colcon_core.package_identification:_identify(.) by extensions ['ignore', 'ignore_ament_install']
[0.154s] Level 1:colcon.colcon_core.package_identification:_identify(.) by extension 'ignore'
[0.154s] Level 1:colcon.colcon_core.package_identification:_identify(.) by extension 'ignore_ament_install'
[0.154s] Level 1:colcon.colcon_core.package_identification:_identify(.) by extensions ['colcon_pkg']
[0.154s] Level 1:colcon.colcon_core.package_identification:_identify(.) by extension 'colcon_pkg'
[0.154s] Level 1:colcon.colcon_core.package_identification:_identify(.) by extensions ['colcon_meta']
[0.154s] Level 1:colcon.colcon_core.package_identification:_identify(.) by extension 'colcon_meta'
[0.154s] Level 1:colcon.colcon_core.package_identification:_identify(.) by extensions ['ros']
[0.154s] Level 1:colcon.colcon_core.package_identification:_identify(.) by extension 'ros'
[0.168s] Level 1:colcon.colcon_core.package_identification:_identify(.) by extensions ['cmake', 'python']
[0.168s] Level 1:colcon.colcon_core.package_identification:_identify(.) by extension 'cmake'
[0.168s] Level 1:colcon.colcon_core.package_identification:_identify(.) by extension 'python'
[0.168s] Level 1:colcon.colcon_core.package_identification:_identify(.) by extensions ['python_setup_py']
[0.168s] Level 1:colcon.colcon_core.package_identification:_identify(.) by extension 'python_setup_py'
[0.168s] Level 1:colcon.colcon_core.package_identification:_identify(build) by extensions ['ignore', 'ignore_ament_install']
[0.168s] Level 1:colcon.colcon_core.package_identification:_identify(build) by extension 'ignore'
[0.168s] Level 1:colcon.colcon_core.package_identification:_identify(build) ignored
[0.168s] Level 1:colcon.colcon_core.package_identification:_identify(install) by extensions ['ignore', 'ignore_ament_install']
[0.168s] Level 1:colcon.colcon_core.package_identification:_identify(install) by extension 'ignore'
[0.168s] Level 1:colcon.colcon_core.package_identification:_identify(install) ignored
[0.168s] Level 1:colcon.colcon_core.package_identification:_identify(log) by extensions ['ignore', 'ignore_ament_install']
[0.169s] Level 1:colcon.colcon_core.package_identification:_identify(log) by extension 'ignore'
[0.169s] Level 1:colcon.colcon_core.package_identification:_identify(log) ignored
[0.169s] Level 1:colcon.colcon_core.package_identification:_identify(src) by extensions ['ignore', 'ignore_ament_install']
[0.169s] Level 1:colcon.colcon_core.package_identification:_identify(src) by extension 'ignore'
[0.169s] Level 1:colcon.colcon_core.package_identification:_identify(src) by extension 'ignore_ament_install'
[0.169s] Level 1:colcon.colcon_core.package_identification:_identify(src) by extensions ['colcon_pkg']
[0.169s] Level 1:colcon.colcon_core.package_identification:_identify(src) by extension 'colcon_pkg'
[0.169s] Level 1:colcon.colcon_core.package_identification:_identify(src) by extensions ['colcon_meta']
[0.169s] Level 1:colcon.colcon_core.package_identification:_identify(src) by extension 'colcon_meta'
[0.169s] Level 1:colcon.colcon_core.package_identification:_identify(src) by extensions ['ros']
[0.169s] Level 1:colcon.colcon_core.package_identification:_identify(src) by extension 'ros'
[0.169s] Level 1:colcon.colcon_core.package_identification:_identify(src) by extensions ['cmake', 'python']
[0.169s] Level 1:colcon.colcon_core.package_identification:_identify(src) by extension 'cmake'
[0.169s] Level 1:colcon.colcon_core.package_identification:_identify(src) by extension 'python'
[0.169s] Level 1:colcon.colcon_core.package_identification:_identify(src) by extensions ['python_setup_py']
[0.169s] Level 1:colcon.colcon_core.package_identification:_identify(src) by extension 'python_setup_py'
[0.169s] Level 1:colcon.colcon_core.package_identification:_identify(src/control) by extensions ['ignore', 'ignore_ament_install']
[0.169s] Level 1:colcon.colcon_core.package_identification:_identify(src/control) by extension 'ignore'
[0.169s] Level 1:colcon.colcon_core.package_identification:_identify(src/control) by extension 'ignore_ament_install'
[0.169s] Level 1:colcon.colcon_core.package_identification:_identify(src/control) by extensions ['colcon_pkg']
[0.169s] Level 1:colcon.colcon_core.package_identification:_identify(src/control) by extension 'colcon_pkg'
[0.169s] Level 1:colcon.colcon_core.package_identification:_identify(src/control) by extensions ['colcon_meta']
[0.169s] Level 1:colcon.colcon_core.package_identification:_identify(src/control) by extension 'colcon_meta'
[0.170s] Level 1:colcon.colcon_core.package_identification:_identify(src/control) by extensions ['ros']
[0.170s] Level 1:colcon.colcon_core.package_identification:_identify(src/control) by extension 'ros'
[0.172s] DEBUG:colcon.colcon_core.package_identification:Package 'src/control' with type 'ros.ament_python' and name 'control'
[0.172s] Level 1:colcon.colcon_core.package_identification:_identify(src/ldlidar_stl_ros2) by extensions ['ignore', 'ignore_ament_install']
[0.172s] Level 1:colcon.colcon_core.package_identification:_identify(src/ldlidar_stl_ros2) by extension 'ignore'
[0.172s] Level 1:colcon.colcon_core.package_identification:_identify(src/ldlidar_stl_ros2) by extension 'ignore_ament_install'
[0.172s] Level 1:colcon.colcon_core.package_identification:_identify(src/ldlidar_stl_ros2) by extensions ['colcon_pkg']
[0.172s] Level 1:colcon.colcon_core.package_identification:_identify(src/ldlidar_stl_ros2) by extension 'colcon_pkg'
[0.172s] Level 1:colcon.colcon_core.package_identification:_identify(src/ldlidar_stl_ros2) by extensions ['colcon_meta']
[0.172s] Level 1:colcon.colcon_core.package_identification:_identify(src/ldlidar_stl_ros2) by extension 'colcon_meta'
[0.172s] Level 1:colcon.colcon_core.package_identification:_identify(src/ldlidar_stl_ros2) by extensions ['ros']
[0.172s] Level 1:colcon.colcon_core.package_identification:_identify(src/ldlidar_stl_ros2) by extension 'ros'
[0.173s] DEBUG:colcon.colcon_core.package_identification:Package 'src/ldlidar_stl_ros2' with type 'ros.ament_cmake' and name 'ldlidar_stl_ros2'
[0.173s] Level 1:colcon.colcon_core.package_identification:_identify(src/robo_pro_description) by extensions ['ignore', 'ignore_ament_install']
[0.173s] Level 1:colcon.colcon_core.package_identification:_identify(src/robo_pro_description) by extension 'ignore'
[0.173s] Level 1:colcon.colcon_core.package_identification:_identify(src/robo_pro_description) by extension 'ignore_ament_install'
[0.173s] Level 1:colcon.colcon_core.package_identification:_identify(src/robo_pro_description) by extensions ['colcon_pkg']
[0.173s] Level 1:colcon.colcon_core.package_identification:_identify(src/robo_pro_description) by extension 'colcon_pkg'
[0.173s] Level 1:colcon.colcon_core.package_identification:_identify(src/robo_pro_description) by extensions ['colcon_meta']
[0.173s] Level 1:colcon.colcon_core.package_identification:_identify(src/robo_pro_description) by extension 'colcon_meta'
[0.173s] Level 1:colcon.colcon_core.package_identification:_identify(src/robo_pro_description) by extensions ['ros']
[0.173s] Level 1:colcon.colcon_core.package_identification:_identify(src/robo_pro_description) by extension 'ros'
[0.174s] DEBUG:colcon.colcon_core.package_identification:Package 'src/robo_pro_description' with type 'ros.ament_cmake' and name 'robo_pro_description'
[0.174s] Level 1:colcon.colcon_core.package_discovery:discover_packages(recursive) using defaults
[0.174s] Level 1:colcon.colcon_core.package_discovery:discover_packages(ignore) discover
[0.174s] Level 1:colcon.colcon_core.package_discovery:discover_packages(ignore) using defaults
[0.174s] Level 1:colcon.colcon_core.package_discovery:discover_packages(path) discover
[0.174s] Level 1:colcon.colcon_core.package_discovery:discover_packages(path) using defaults
[0.194s] Level 1:colcon.colcon_core.package_discovery:discover_packages(prefix_path) check parameters
[0.194s] Level 1:colcon.colcon_core.package_discovery:discover_packages(prefix_path) discover
[0.196s] DEBUG:colcon.colcon_installed_package_information.package_discovery:Found 3 installed packages in /home/essam/mr_ws/install
[0.196s] DEBUG:colcon.colcon_installed_package_information.package_discovery:Found 2 installed packages in /home/essam/microros_ws/install
[0.197s] DEBUG:colcon.colcon_installed_package_information.package_discovery:Found 6 installed packages in /home/essam/ros2_ws/install
[0.197s] DEBUG:colcon.colcon_installed_package_information.package_discovery:Found 2 installed packages in /home/essam/ros2_ws_rg/install
[0.198s] DEBUG:colcon.colcon_installed_package_information.package_discovery:Found 1 installed packages in /home/essam/ros2_ws_t/install
[0.200s] DEBUG:colcon.colcon_installed_package_information.package_discovery:Found 395 installed packages in /opt/ros/humble
[0.202s] Level 1:colcon.colcon_core.package_discovery:discover_packages(prefix_path) using defaults
[0.250s] Level 5:colcon.colcon_core.verb:set package 'control' build argument 'cmake_args' from command line to 'None'
[0.250s] Level 5:colcon.colcon_core.verb:set package 'control' build argument 'cmake_target' from command line to 'None'
[0.250s] Level 5:colcon.colcon_core.verb:set package 'control' build argument 'cmake_target_skip_unavailable' from command line to 'False'
[0.250s] Level 5:colcon.colcon_core.verb:set package 'control' build argument 'cmake_clean_cache' from command line to 'False'
[0.250s] Level 5:colcon.colcon_core.verb:set package 'control' build argument 'cmake_clean_first' from command line to 'False'
[0.250s] Level 5:colcon.colcon_core.verb:set package 'control' build argument 'cmake_force_configure' from command line to 'False'
[0.250s] Level 5:colcon.colcon_core.verb:set package 'control' build argument 'ament_cmake_args' from command line to 'None'
[0.250s] Level 5:colcon.colcon_core.verb:set package 'control' build argument 'catkin_cmake_args' from command line to 'None'
[0.250s] Level 5:colcon.colcon_core.verb:set package 'control' build argument 'catkin_skip_building_tests' from command line to 'False'
[0.250s] DEBUG:colcon.colcon_core.verb:Building package 'control' with the following arguments: {'ament_cmake_args': None, 'build_base': '/home/essam/mr_ws/build/control', 'catkin_cmake_args': None, 'catkin_skip_building_tests': False, 'cmake_args': None, 'cmake_clean_cache': False, 'cmake_clean_first': False, 'cmake_force_configure': False, 'cmake_target': None, 'cmake_target_skip_unavailable': False, 'install_base': '/home/essam/mr_ws/install/control', 'merge_install': False, 'path': '/home/essam/mr_ws/src/control', 'symlink_install': False, 'test_result_base': None}
[0.250s] Level 5:colcon.colcon_core.verb:set package 'ldlidar_stl_ros2' build argument 'cmake_args' from command line to 'None'
[0.250s] Level 5:colcon.colcon_core.verb:set package 'ldlidar_stl_ros2' build argument 'cmake_target' from command line to 'None'
[0.250s] Level 5:colcon.colcon_core.verb:set package 'ldlidar_stl_ros2' build argument 'cmake_target_skip_unavailable' from command line to 'False'
[0.250s] Level 5:colcon.colcon_core.verb:set package 'ldlidar_stl_ros2' build argument 'cmake_clean_cache' from command line to 'False'
[0.250s] Level 5:colcon.colcon_core.verb:set package 'ldlidar_stl_ros2' build argument 'cmake_clean_first' from command line to 'False'
[0.250s] Level 5:colcon.colcon_core.verb:set package 'ldlidar_stl_ros2' build argument 'cmake_force_configure' from command line to 'False'
[0.250s] Level 5:colcon.colcon_core.verb:set package 'ldlidar_stl_ros2' build argument 'ament_cmake_args' from command line to 'None'
[0.250s] Level 5:colcon.colcon_core.verb:set package 'ldlidar_stl_ros2' build argument 'catkin_cmake_args' from command line to 'None'
[0.250s] Level 5:colcon.colcon_core.verb:set package 'ldlidar_stl_ros2' build argument 'catkin_skip_building_tests' from command line to 'False'
[0.250s] DEBUG:colcon.colcon_core.verb:Building package 'ldlidar_stl_ros2' with the following arguments: {'ament_cmake_args': None, 'build_base': '/home/essam/mr_ws/build/ldlidar_stl_ros2', 'catkin_cmake_args': None, 'catkin_skip_building_tests': False, 'cmake_args': None, 'cmake_clean_cache': False, 'cmake_clean_first': False, 'cmake_force_configure': False, 'cmake_target': None, 'cmake_target_skip_unavailable': False, 'install_base': '/home/essam/mr_ws/install/ldlidar_stl_ros2', 'merge_install': False, 'path': '/home/essam/mr_ws/src/ldlidar_stl_ros2', 'symlink_install': False, 'test_result_base': None}
[0.251s] Level 5:colcon.colcon_core.verb:set package 'robo_pro_description' build argument 'cmake_args' from command line to 'None'
[0.251s] Level 5:colcon.colcon_core.verb:set package 'robo_pro_description' build argument 'cmake_target' from command line to 'None'
[0.251s] Level 5:colcon.colcon_core.verb:set package 'robo_pro_description' build argument 'cmake_target_skip_unavailable' from command line to 'False'
[0.251s] Level 5:colcon.colcon_core.verb:set package 'robo_pro_description' build argument 'cmake_clean_cache' from command line to 'False'
[0.251s] Level 5:colcon.colcon_core.verb:set package 'robo_pro_description' build argument 'cmake_clean_first' from command line to 'False'
[0.251s] Level 5:colcon.colcon_core.verb:set package 'robo_pro_description' build argument 'cmake_force_configure' from command line to 'False'
[0.251s] Level 5:colcon.colcon_core.verb:set package 'robo_pro_description' build argument 'ament_cmake_args' from command line to 'None'
[0.251s] Level 5:colcon.colcon_core.verb:set package 'robo_pro_description' build argument 'catkin_cmake_args' from command line to 'None'
[0.251s] Level 5:colcon.colcon_core.verb:set package 'robo_pro_description' build argument 'catkin_skip_building_tests' from command line to 'False'
[0.251s] DEBUG:colcon.colcon_core.verb:Building package 'robo_pro_description' with the following arguments: {'ament_cmake_args': None, 'build_base': '/home/essam/mr_ws/build/robo_pro_description', 'catkin_cmake_args': None, 'catkin_skip_building_tests': False, 'cmake_args': None, 'cmake_clean_cache': False, 'cmake_clean_first': False, 'cmake_force_configure': False, 'cmake_target': None, 'cmake_target_skip_unavailable': False, 'install_base': '/home/essam/mr_ws/install/robo_pro_description', 'merge_install': False, 'path': '/home/essam/mr_ws/src/robo_pro_description', 'symlink_install': False, 'test_result_base': None}
[0.251s] INFO:colcon.colcon_core.executor:Executing jobs using 'parallel' executor
[0.252s] DEBUG:colcon.colcon_parallel_executor.executor.parallel:run_until_complete
[0.252s] INFO:colcon.colcon_ros.task.ament_python.build:Building ROS package in '/home/essam/mr_ws/src/control' with build type 'ament_python'
[0.253s] Level 1:colcon.colcon_core.shell:create_environment_hook('control', 'ament_prefix_path')
[0.255s] INFO:colcon.colcon_core.plugin_system:Skipping extension 'colcon_core.shell.bat': Not used on non-Windows systems
[0.255s] INFO:colcon.colcon_core.shell:Creating environment hook '/home/essam/mr_ws/install/control/share/control/hook/ament_prefix_path.ps1'
[0.255s] INFO:colcon.colcon_core.shell:Creating environment descriptor '/home/essam/mr_ws/install/control/share/control/hook/ament_prefix_path.dsv'
[0.256s] INFO:colcon.colcon_core.shell:Creating environment hook '/home/essam/mr_ws/install/control/share/control/hook/ament_prefix_path.sh'
[0.257s] INFO:colcon.colcon_core.shell:Skip shell extension 'powershell' for command environment: Not usable outside of PowerShell
[0.257s] DEBUG:colcon.colcon_core.shell:Skip shell extension 'dsv' for command environment
[0.264s] INFO:colcon.colcon_ros.task.ament_cmake.build:Building ROS package in '/home/essam/mr_ws/src/ldlidar_stl_ros2' with build type 'ament_cmake'
[0.264s] INFO:colcon.colcon_cmake.task.cmake.build:Building CMake package in '/home/essam/mr_ws/src/ldlidar_stl_ros2'
[0.264s] INFO:colcon.colcon_core.shell:Skip shell extension 'powershell' for command environment: Not usable outside of PowerShell
[0.264s] DEBUG:colcon.colcon_core.shell:Skip shell extension 'dsv' for command environment
[0.495s] INFO:colcon.colcon_core.task.python.build:Building Python package in '/home/essam/mr_ws/src/control'
[0.495s] INFO:colcon.colcon_core.shell:Skip shell extension 'powershell' for command environment: Not usable outside of PowerShell
[0.495s] DEBUG:colcon.colcon_core.shell:Skip shell extension 'dsv' for command environment
[0.506s] DEBUG:colcon.colcon_core.event_handler.log_command:Invoking command in '/home/essam/mr_ws/build/ldlidar_stl_ros2': CMAKE_PREFIX_PATH=${CMAKE_PREFIX_PATH}:/home/essam/ros2_ws/install/turtlesim_catch_them_all:/home/essam/ros2_ws/install/my_py_pkg:/home/essam/mr_ws/install/control:/home/essam/ros2_ws_t/install/project_py:/opt/ros/humble /usr/bin/cmake --build /home/essam/mr_ws/build/ldlidar_stl_ros2 -- -j12 -l12
[0.587s] DEBUG:colcon.colcon_core.event_handler.log_command:Invoked command in '/home/essam/mr_ws/build/ldlidar_stl_ros2' returned '0': CMAKE_PREFIX_PATH=${CMAKE_PREFIX_PATH}:/home/essam/ros2_ws/install/turtlesim_catch_them_all:/home/essam/ros2_ws/install/my_py_pkg:/home/essam/mr_ws/install/control:/home/essam/ros2_ws_t/install/project_py:/opt/ros/humble /usr/bin/cmake --build /home/essam/mr_ws/build/ldlidar_stl_ros2 -- -j12 -l12
[0.599s] DEBUG:colcon.colcon_core.event_handler.log_command:Invoking command in '/home/essam/mr_ws/build/ldlidar_stl_ros2': CMAKE_PREFIX_PATH=${CMAKE_PREFIX_PATH}:/home/essam/ros2_ws/install/turtlesim_catch_them_all:/home/essam/ros2_ws/install/my_py_pkg:/home/essam/mr_ws/install/control:/home/essam/ros2_ws_t/install/project_py:/opt/ros/humble /usr/bin/cmake --install /home/essam/mr_ws/build/ldlidar_stl_ros2
[0.612s] Level 1:colcon.colcon_core.environment:create_environment_scripts_only(ldlidar_stl_ros2)
[0.612s] DEBUG:colcon.colcon_core.event_handler.log_command:Invoked command in '/home/essam/mr_ws/build/ldlidar_stl_ros2' returned '0': CMAKE_PREFIX_PATH=${CMAKE_PREFIX_PATH}:/home/essam/ros2_ws/install/turtlesim_catch_them_all:/home/essam/ros2_ws/install/my_py_pkg:/home/essam/mr_ws/install/control:/home/essam/ros2_ws_t/install/project_py:/opt/ros/humble /usr/bin/cmake --install /home/essam/mr_ws/build/ldlidar_stl_ros2
[0.614s] Level 1:colcon.colcon_core.environment:checking '/home/essam/mr_ws/install/ldlidar_stl_ros2' for CMake module files
[0.615s] Level 1:colcon.colcon_core.environment:checking '/home/essam/mr_ws/install/ldlidar_stl_ros2' for CMake config files
[0.615s] Level 1:colcon.colcon_core.shell:create_environment_hook('ldlidar_stl_ros2', 'cmake_prefix_path')
[0.615s] INFO:colcon.colcon_core.shell:Creating environment hook '/home/essam/mr_ws/install/ldlidar_stl_ros2/share/ldlidar_stl_ros2/hook/cmake_prefix_path.ps1'
[0.616s] INFO:colcon.colcon_core.shell:Creating environment descriptor '/home/essam/mr_ws/install/ldlidar_stl_ros2/share/ldlidar_stl_ros2/hook/cmake_prefix_path.dsv'
[0.617s] INFO:colcon.colcon_core.shell:Creating environment hook '/home/essam/mr_ws/install/ldlidar_stl_ros2/share/ldlidar_stl_ros2/hook/cmake_prefix_path.sh'
[0.617s] Level 1:colcon.colcon_core.environment:checking '/home/essam/mr_ws/install/ldlidar_stl_ros2/lib'
[0.617s] Level 1:colcon.colcon_core.environment:checking '/home/essam/mr_ws/install/ldlidar_stl_ros2/bin'
[0.618s] Level 1:colcon.colcon_core.environment:checking '/home/essam/mr_ws/install/ldlidar_stl_ros2/lib/pkgconfig/ldlidar_stl_ros2.pc'
[0.618s] Level 1:colcon.colcon_core.environment:checking '/home/essam/mr_ws/install/ldlidar_stl_ros2/lib/python3.10/site-packages'
[0.618s] Level 1:colcon.colcon_core.environment:checking '/home/essam/mr_ws/install/ldlidar_stl_ros2/bin'
[0.618s] INFO:colcon.colcon_core.shell:Creating package script '/home/essam/mr_ws/install/ldlidar_stl_ros2/share/ldlidar_stl_ros2/package.ps1'
[0.619s] INFO:colcon.colcon_core.shell:Creating package descriptor '/home/essam/mr_ws/install/ldlidar_stl_ros2/share/ldlidar_stl_ros2/package.dsv'
[0.620s] INFO:colcon.colcon_core.shell:Creating package script '/home/essam/mr_ws/install/ldlidar_stl_ros2/share/ldlidar_stl_ros2/package.sh'
[0.620s] INFO:colcon.colcon_core.shell:Creating package script '/home/essam/mr_ws/install/ldlidar_stl_ros2/share/ldlidar_stl_ros2/package.bash'
[0.621s] INFO:colcon.colcon_core.shell:Creating package script '/home/essam/mr_ws/install/ldlidar_stl_ros2/share/ldlidar_stl_ros2/package.zsh'
[0.622s] Level 1:colcon.colcon_core.environment:create_file_with_runtime_dependencies(/home/essam/mr_ws/install/ldlidar_stl_ros2/share/colcon-core/packages/ldlidar_stl_ros2)
[0.622s] Level 1:colcon.colcon_core.environment:create_environment_scripts_only(ldlidar_stl_ros2)
[0.622s] Level 1:colcon.colcon_core.environment:checking '/home/essam/mr_ws/install/ldlidar_stl_ros2' for CMake module files
[0.623s] Level 1:colcon.colcon_core.environment:checking '/home/essam/mr_ws/install/ldlidar_stl_ros2' for CMake config files
[0.623s] Level 1:colcon.colcon_core.shell:create_environment_hook('ldlidar_stl_ros2', 'cmake_prefix_path')
[0.623s] INFO:colcon.colcon_core.shell:Creating environment hook '/home/essam/mr_ws/install/ldlidar_stl_ros2/share/ldlidar_stl_ros2/hook/cmake_prefix_path.ps1'
[0.624s] INFO:colcon.colcon_core.shell:Creating environment descriptor '/home/essam/mr_ws/install/ldlidar_stl_ros2/share/ldlidar_stl_ros2/hook/cmake_prefix_path.dsv'
[0.624s] INFO:colcon.colcon_core.shell:Creating environment hook '/home/essam/mr_ws/install/ldlidar_stl_ros2/share/ldlidar_stl_ros2/hook/cmake_prefix_path.sh'
[0.624s] Level 1:colcon.colcon_core.environment:checking '/home/essam/mr_ws/install/ldlidar_stl_ros2/lib'
[0.624s] Level 1:colcon.colcon_core.environment:checking '/home/essam/mr_ws/install/ldlidar_stl_ros2/bin'
[0.625s] Level 1:colcon.colcon_core.environment:checking '/home/essam/mr_ws/install/ldlidar_stl_ros2/lib/pkgconfig/ldlidar_stl_ros2.pc'
[0.625s] Level 1:colcon.colcon_core.environment:checking '/home/essam/mr_ws/install/ldlidar_stl_ros2/lib/python3.10/site-packages'
[0.625s] Level 1:colcon.colcon_core.environment:checking '/home/essam/mr_ws/install/ldlidar_stl_ros2/bin'
[0.625s] INFO:colcon.colcon_core.shell:Creating package script '/home/essam/mr_ws/install/ldlidar_stl_ros2/share/ldlidar_stl_ros2/package.ps1'
[0.626s] INFO:colcon.colcon_core.shell:Creating package descriptor '/home/essam/mr_ws/install/ldlidar_stl_ros2/share/ldlidar_stl_ros2/package.dsv'
[0.626s] INFO:colcon.colcon_core.shell:Creating package script '/home/essam/mr_ws/install/ldlidar_stl_ros2/share/ldlidar_stl_ros2/package.sh'
[0.626s] INFO:colcon.colcon_core.shell:Creating package script '/home/essam/mr_ws/install/ldlidar_stl_ros2/share/ldlidar_stl_ros2/package.bash'
[0.627s] INFO:colcon.colcon_core.shell:Creating package script '/home/essam/mr_ws/install/ldlidar_stl_ros2/share/ldlidar_stl_ros2/package.zsh'
[0.627s] Level 1:colcon.colcon_core.environment:create_file_with_runtime_dependencies(/home/essam/mr_ws/install/ldlidar_stl_ros2/share/colcon-core/packages/ldlidar_stl_ros2)
[1.160s] DEBUG:colcon.colcon_core.event_handler.log_command:Invoking command in '/home/essam/mr_ws/src/control': PYTHONPATH=/home/essam/mr_ws/build/control/prefix_override:/usr/lib/python3/dist-packages/colcon_core/task/python/colcon_distutils_commands:/home/essam/mr_ws/install/control/lib/python3.10/site-packages:${PYTHONPATH} /usr/bin/python3 -W ignore:setup.py install is deprecated -W ignore:easy_install command is deprecated setup.py egg_info --egg-base ../../build/control build --build-base /home/essam/mr_ws/build/control/build install --record /home/essam/mr_ws/build/control/install.log --single-version-externally-managed install_data
[1.625s] Level 1:colcon.colcon_core.environment:checking '/home/essam/mr_ws/install/control' for CMake module files
[1.626s] DEBUG:colcon.colcon_core.event_handler.log_command:Invoked command in '/home/essam/mr_ws/src/control' returned '0': PYTHONPATH=/home/essam/mr_ws/build/control/prefix_override:/usr/lib/python3/dist-packages/colcon_core/task/python/colcon_distutils_commands:/home/essam/mr_ws/install/control/lib/python3.10/site-packages:${PYTHONPATH} /usr/bin/python3 -W ignore:setup.py install is deprecated -W ignore:easy_install command is deprecated setup.py egg_info --egg-base ../../build/control build --build-base /home/essam/mr_ws/build/control/build install --record /home/essam/mr_ws/build/control/install.log --single-version-externally-managed install_data
[1.626s] Level 1:colcon.colcon_core.environment:checking '/home/essam/mr_ws/install/control' for CMake config files
[1.627s] Level 1:colcon.colcon_core.environment:checking '/home/essam/mr_ws/install/control/lib'
[1.627s] Level 1:colcon.colcon_core.environment:checking '/home/essam/mr_ws/install/control/bin'
[1.627s] Level 1:colcon.colcon_core.environment:checking '/home/essam/mr_ws/install/control/lib/pkgconfig/control.pc'
[1.627s] Level 1:colcon.colcon_core.environment:checking '/home/essam/mr_ws/install/control/lib/python3.10/site-packages'
[1.627s] Level 1:colcon.colcon_core.shell:create_environment_hook('control', 'pythonpath')
[1.627s] INFO:colcon.colcon_core.shell:Creating environment hook '/home/essam/mr_ws/install/control/share/control/hook/pythonpath.ps1'
[1.628s] INFO:colcon.colcon_core.shell:Creating environment descriptor '/home/essam/mr_ws/install/control/share/control/hook/pythonpath.dsv'
[1.628s] INFO:colcon.colcon_core.shell:Creating environment hook '/home/essam/mr_ws/install/control/share/control/hook/pythonpath.sh'
[1.628s] Level 1:colcon.colcon_core.environment:checking '/home/essam/mr_ws/install/control/bin'
[1.628s] Level 1:colcon.colcon_core.environment:create_environment_scripts_only(control)
[1.629s] INFO:colcon.colcon_core.shell:Creating package script '/home/essam/mr_ws/install/control/share/control/package.ps1'
[1.629s] INFO:colcon.colcon_core.shell:Creating package descriptor '/home/essam/mr_ws/install/control/share/control/package.dsv'
[1.630s] INFO:colcon.colcon_core.shell:Creating package script '/home/essam/mr_ws/install/control/share/control/package.sh'
[1.630s] INFO:colcon.colcon_core.shell:Creating package script '/home/essam/mr_ws/install/control/share/control/package.bash'
[1.630s] INFO:colcon.colcon_core.shell:Creating package script '/home/essam/mr_ws/install/control/share/control/package.zsh'
[1.631s] Level 1:colcon.colcon_core.environment:create_file_with_runtime_dependencies(/home/essam/mr_ws/install/control/share/colcon-core/packages/control)
[1.631s] INFO:colcon.colcon_ros.task.ament_cmake.build:Building ROS package in '/home/essam/mr_ws/src/robo_pro_description' with build type 'ament_cmake'
[1.631s] INFO:colcon.colcon_cmake.task.cmake.build:Building CMake package in '/home/essam/mr_ws/src/robo_pro_description'
[1.631s] INFO:colcon.colcon_core.shell:Skip shell extension 'powershell' for command environment: Not usable outside of PowerShell
[1.631s] DEBUG:colcon.colcon_core.shell:Skip shell extension 'dsv' for command environment
[1.653s] DEBUG:colcon.colcon_core.event_handler.log_command:Invoking command in '/home/essam/mr_ws/build/robo_pro_description': AMENT_PREFIX_PATH=/home/essam/mr_ws/install/control:/home/essam/ros2_ws/install/my_robot_bringup:/home/essam/ros2_ws/install/turtlesim_catch_them_all:/home/essam/ros2_ws/install/my_py_pkg:/home/essam/ros2_ws/install/my_robot_interfaces:/home/essam/ros2_ws/install/my_cpp_pkg:/home/essam/ros2_ws/install/micro_ros_agent:/home/essam/mr_ws/install/robo_pro_description:/home/essam/mr_ws/install/ldlidar_stl_ros2:/home/essam/microros_ws/install/robo_interfaces:/home/essam/microros_ws/install/micro_ros_setup:/home/essam/ros2_ws_rg/install/my_robot_bringup_rg:/home/essam/ros2_ws_rg/install/my_robot_description:/home/essam/ros2_ws_t/install/project_py:/opt/ros/humble CMAKE_PREFIX_PATH=/home/essam/mr_ws/install/ldlidar_stl_ros2:/home/essam/ros2_ws/install/my_robot_bringup:/home/essam/ros2_ws/install/my_robot_interfaces:/home/essam/ros2_ws/install/my_cpp_pkg:/home/essam/ros2_ws/install/micro_ros_agent:/home/essam/mr_ws/install/robo_pro_description:/home/essam/microros_ws/install/robo_interfaces:/home/essam/microros_ws/install/micro_ros_setup:/home/essam/ros2_ws_rg/install/my_robot_bringup_rg:/home/essam/ros2_ws_rg/install/my_robot_description:/home/essam/ros2_ws/install/turtlesim_catch_them_all:/home/essam/ros2_ws/install/my_py_pkg:/home/essam/mr_ws/install/control:/home/essam/ros2_ws_t/install/project_py:/opt/ros/humble PYTHONPATH=/home/essam/mr_ws/install/control/lib/python3.10/site-packages:/home/essam/ros2_ws/install/turtlesim_catch_them_all/lib/python3.10/site-packages:/home/essam/ros2_ws/install/my_py_pkg/lib/python3.10/site-packages:/home/essam/ros2_ws/install/my_robot_interfaces/local/lib/python3.10/dist-packages:/home/essam/microros_ws/install/robo_interfaces/local/lib/python3.10/dist-packages:/home/essam/ros2_ws_t/build/project_py:/home/essam/ros2_ws_t/install/project_py/lib/python3.10/site-packages:/opt/ros/humble/lib/python3.10/site-packages:/opt/ros/humble/local/lib/python3.10/dist-packages /usr/bin/cmake --build /home/essam/mr_ws/build/robo_pro_description -- -j12 -l12
[1.705s] DEBUG:colcon.colcon_core.event_handler.log_command:Invoked command in '/home/essam/mr_ws/build/robo_pro_description' returned '0': AMENT_PREFIX_PATH=/home/essam/mr_ws/install/control:/home/essam/ros2_ws/install/my_robot_bringup:/home/essam/ros2_ws/install/turtlesim_catch_them_all:/home/essam/ros2_ws/install/my_py_pkg:/home/essam/ros2_ws/install/my_robot_interfaces:/home/essam/ros2_ws/install/my_cpp_pkg:/home/essam/ros2_ws/install/micro_ros_agent:/home/essam/mr_ws/install/robo_pro_description:/home/essam/mr_ws/install/ldlidar_stl_ros2:/home/essam/microros_ws/install/robo_interfaces:/home/essam/microros_ws/install/micro_ros_setup:/home/essam/ros2_ws_rg/install/my_robot_bringup_rg:/home/essam/ros2_ws_rg/install/my_robot_description:/home/essam/ros2_ws_t/install/project_py:/opt/ros/humble CMAKE_PREFIX_PATH=/home/essam/mr_ws/install/ldlidar_stl_ros2:/home/essam/ros2_ws/install/my_robot_bringup:/home/essam/ros2_ws/install/my_robot_interfaces:/home/essam/ros2_ws/install/my_cpp_pkg:/home/essam/ros2_ws/install/micro_ros_agent:/home/essam/mr_ws/install/robo_pro_description:/home/essam/microros_ws/install/robo_interfaces:/home/essam/microros_ws/install/micro_ros_setup:/home/essam/ros2_ws_rg/install/my_robot_bringup_rg:/home/essam/ros2_ws_rg/install/my_robot_description:/home/essam/ros2_ws/install/turtlesim_catch_them_all:/home/essam/ros2_ws/install/my_py_pkg:/home/essam/mr_ws/install/control:/home/essam/ros2_ws_t/install/project_py:/opt/ros/humble PYTHONPATH=/home/essam/mr_ws/install/control/lib/python3.10/site-packages:/home/essam/ros2_ws/install/turtlesim_catch_them_all/lib/python3.10/site-packages:/home/essam/ros2_ws/install/my_py_pkg/lib/python3.10/site-packages:/home/essam/ros2_ws/install/my_robot_interfaces/local/lib/python3.10/dist-packages:/home/essam/microros_ws/install/robo_interfaces/local/lib/python3.10/dist-packages:/home/essam/ros2_ws_t/build/project_py:/home/essam/ros2_ws_t/install/project_py/lib/python3.10/site-packages:/opt/ros/humble/lib/python3.10/site-packages:/opt/ros/humble/local/lib/python3.10/dist-packages /usr/bin/cmake --build /home/essam/mr_ws/build/robo_pro_description -- -j12 -l12
[1.707s] DEBUG:colcon.colcon_core.event_handler.log_command:Invoking command in '/home/essam/mr_ws/build/robo_pro_description': AMENT_PREFIX_PATH=/home/essam/mr_ws/install/control:/home/essam/ros2_ws/install/my_robot_bringup:/home/essam/ros2_ws/install/turtlesim_catch_them_all:/home/essam/ros2_ws/install/my_py_pkg:/home/essam/ros2_ws/install/my_robot_interfaces:/home/essam/ros2_ws/install/my_cpp_pkg:/home/essam/ros2_ws/install/micro_ros_agent:/home/essam/mr_ws/install/robo_pro_description:/home/essam/mr_ws/install/ldlidar_stl_ros2:/home/essam/microros_ws/install/robo_interfaces:/home/essam/microros_ws/install/micro_ros_setup:/home/essam/ros2_ws_rg/install/my_robot_bringup_rg:/home/essam/ros2_ws_rg/install/my_robot_description:/home/essam/ros2_ws_t/install/project_py:/opt/ros/humble CMAKE_PREFIX_PATH=/home/essam/mr_ws/install/ldlidar_stl_ros2:/home/essam/ros2_ws/install/my_robot_bringup:/home/essam/ros2_ws/install/my_robot_interfaces:/home/essam/ros2_ws/install/my_cpp_pkg:/home/essam/ros2_ws/install/micro_ros_agent:/home/essam/mr_ws/install/robo_pro_description:/home/essam/microros_ws/install/robo_interfaces:/home/essam/microros_ws/install/micro_ros_setup:/home/essam/ros2_ws_rg/install/my_robot_bringup_rg:/home/essam/ros2_ws_rg/install/my_robot_description:/home/essam/ros2_ws/install/turtlesim_catch_them_all:/home/essam/ros2_ws/install/my_py_pkg:/home/essam/mr_ws/install/control:/home/essam/ros2_ws_t/install/project_py:/opt/ros/humble PYTHONPATH=/home/essam/mr_ws/install/control/lib/python3.10/site-packages:/home/essam/ros2_ws/install/turtlesim_catch_them_all/lib/python3.10/site-packages:/home/essam/ros2_ws/install/my_py_pkg/lib/python3.10/site-packages:/home/essam/ros2_ws/install/my_robot_interfaces/local/lib/python3.10/dist-packages:/home/essam/microros_ws/install/robo_interfaces/local/lib/python3.10/dist-packages:/home/essam/ros2_ws_t/build/project_py:/home/essam/ros2_ws_t/install/project_py/lib/python3.10/site-packages:/opt/ros/humble/lib/python3.10/site-packages:/opt/ros/humble/local/lib/python3.10/dist-packages /usr/bin/cmake --install /home/essam/mr_ws/build/robo_pro_description
[1.722s] Level 1:colcon.colcon_core.environment:create_environment_scripts_only(robo_pro_description)
[1.722s] Level 1:colcon.colcon_core.environment:checking '/home/essam/mr_ws/install/robo_pro_description' for CMake module files
[1.723s] DEBUG:colcon.colcon_core.event_handler.log_command:Invoked command in '/home/essam/mr_ws/build/robo_pro_description' returned '0': AMENT_PREFIX_PATH=/home/essam/mr_ws/install/control:/home/essam/ros2_ws/install/my_robot_bringup:/home/essam/ros2_ws/install/turtlesim_catch_them_all:/home/essam/ros2_ws/install/my_py_pkg:/home/essam/ros2_ws/install/my_robot_interfaces:/home/essam/ros2_ws/install/my_cpp_pkg:/home/essam/ros2_ws/install/micro_ros_agent:/home/essam/mr_ws/install/robo_pro_description:/home/essam/mr_ws/install/ldlidar_stl_ros2:/home/essam/microros_ws/install/robo_interfaces:/home/essam/microros_ws/install/micro_ros_setup:/home/essam/ros2_ws_rg/install/my_robot_bringup_rg:/home/essam/ros2_ws_rg/install/my_robot_description:/home/essam/ros2_ws_t/install/project_py:/opt/ros/humble CMAKE_PREFIX_PATH=/home/essam/mr_ws/install/ldlidar_stl_ros2:/home/essam/ros2_ws/install/my_robot_bringup:/home/essam/ros2_ws/install/my_robot_interfaces:/home/essam/ros2_ws/install/my_cpp_pkg:/home/essam/ros2_ws/install/micro_ros_agent:/home/essam/mr_ws/install/robo_pro_description:/home/essam/microros_ws/install/robo_interfaces:/home/essam/microros_ws/install/micro_ros_setup:/home/essam/ros2_ws_rg/install/my_robot_bringup_rg:/home/essam/ros2_ws_rg/install/my_robot_description:/home/essam/ros2_ws/install/turtlesim_catch_them_all:/home/essam/ros2_ws/install/my_py_pkg:/home/essam/mr_ws/install/control:/home/essam/ros2_ws_t/install/project_py:/opt/ros/humble PYTHONPATH=/home/essam/mr_ws/install/control/lib/python3.10/site-packages:/home/essam/ros2_ws/install/turtlesim_catch_them_all/lib/python3.10/site-packages:/home/essam/ros2_ws/install/my_py_pkg/lib/python3.10/site-packages:/home/essam/ros2_ws/install/my_robot_interfaces/local/lib/python3.10/dist-packages:/home/essam/microros_ws/install/robo_interfaces/local/lib/python3.10/dist-packages:/home/essam/ros2_ws_t/build/project_py:/home/essam/ros2_ws_t/install/project_py/lib/python3.10/site-packages:/opt/ros/humble/lib/python3.10/site-packages:/opt/ros/humble/local/lib/python3.10/dist-packages /usr/bin/cmake --install /home/essam/mr_ws/build/robo_pro_description
[1.723s] Level 1:colcon.colcon_core.environment:checking '/home/essam/mr_ws/install/robo_pro_description' for CMake config files
[1.724s] Level 1:colcon.colcon_core.shell:create_environment_hook('robo_pro_description', 'cmake_prefix_path')
[1.724s] INFO:colcon.colcon_core.shell:Creating environment hook '/home/essam/mr_ws/install/robo_pro_description/share/robo_pro_description/hook/cmake_prefix_path.ps1'
[1.724s] INFO:colcon.colcon_core.shell:Creating environment descriptor '/home/essam/mr_ws/install/robo_pro_description/share/robo_pro_description/hook/cmake_prefix_path.dsv'
[1.725s] INFO:colcon.colcon_core.shell:Creating environment hook '/home/essam/mr_ws/install/robo_pro_description/share/robo_pro_description/hook/cmake_prefix_path.sh'
[1.725s] Level 1:colcon.colcon_core.environment:checking '/home/essam/mr_ws/install/robo_pro_description/bin'
[1.725s] Level 1:colcon.colcon_core.environment:checking '/home/essam/mr_ws/install/robo_pro_description/lib/pkgconfig/robo_pro_description.pc'
[1.726s] Level 1:colcon.colcon_core.environment:checking '/home/essam/mr_ws/install/robo_pro_description/lib/python3.10/site-packages'
[1.726s] Level 1:colcon.colcon_core.environment:checking '/home/essam/mr_ws/install/robo_pro_description/bin'
[1.726s] INFO:colcon.colcon_core.shell:Creating package script '/home/essam/mr_ws/install/robo_pro_description/share/robo_pro_description/package.ps1'
[1.727s] INFO:colcon.colcon_core.shell:Creating package descriptor '/home/essam/mr_ws/install/robo_pro_description/share/robo_pro_description/package.dsv'
[1.727s] INFO:colcon.colcon_core.shell:Creating package script '/home/essam/mr_ws/install/robo_pro_description/share/robo_pro_description/package.sh'
[1.727s] INFO:colcon.colcon_core.shell:Creating package script '/home/essam/mr_ws/install/robo_pro_description/share/robo_pro_description/package.bash'
[1.728s] INFO:colcon.colcon_core.shell:Creating package script '/home/essam/mr_ws/install/robo_pro_description/share/robo_pro_description/package.zsh'
[1.728s] Level 1:colcon.colcon_core.environment:create_file_with_runtime_dependencies(/home/essam/mr_ws/install/robo_pro_description/share/colcon-core/packages/robo_pro_description)
[1.729s] Level 1:colcon.colcon_core.environment:create_environment_scripts_only(robo_pro_description)
[1.729s] Level 1:colcon.colcon_core.environment:checking '/home/essam/mr_ws/install/robo_pro_description' for CMake module files
[1.730s] Level 1:colcon.colcon_core.environment:checking '/home/essam/mr_ws/install/robo_pro_description' for CMake config files
[1.730s] Level 1:colcon.colcon_core.shell:create_environment_hook('robo_pro_description', 'cmake_prefix_path')
[1.730s] INFO:colcon.colcon_core.shell:Creating environment hook '/home/essam/mr_ws/install/robo_pro_description/share/robo_pro_description/hook/cmake_prefix_path.ps1'
[1.730s] INFO:colcon.colcon_core.shell:Creating environment descriptor '/home/essam/mr_ws/install/robo_pro_description/share/robo_pro_description/hook/cmake_prefix_path.dsv'
[1.731s] INFO:colcon.colcon_core.shell:Creating environment hook '/home/essam/mr_ws/install/robo_pro_description/share/robo_pro_description/hook/cmake_prefix_path.sh'
[1.731s] Level 1:colcon.colcon_core.environment:checking '/home/essam/mr_ws/install/robo_pro_description/bin'
[1.731s] Level 1:colcon.colcon_core.environment:checking '/home/essam/mr_ws/install/robo_pro_description/lib/pkgconfig/robo_pro_description.pc'
[1.732s] Level 1:colcon.colcon_core.environment:checking '/home/essam/mr_ws/install/robo_pro_description/lib/python3.10/site-packages'
[1.732s] Level 1:colcon.colcon_core.environment:checking '/home/essam/mr_ws/install/robo_pro_description/bin'
[1.732s] INFO:colcon.colcon_core.shell:Creating package script '/home/essam/mr_ws/install/robo_pro_description/share/robo_pro_description/package.ps1'
[1.733s] INFO:colcon.colcon_core.shell:Creating package descriptor '/home/essam/mr_ws/install/robo_pro_description/share/robo_pro_description/package.dsv'
[1.733s] INFO:colcon.colcon_core.shell:Creating package script '/home/essam/mr_ws/install/robo_pro_description/share/robo_pro_description/package.sh'
[1.734s] INFO:colcon.colcon_core.shell:Creating package script '/home/essam/mr_ws/install/robo_pro_description/share/robo_pro_description/package.bash'
[1.734s] INFO:colcon.colcon_core.shell:Creating package script '/home/essam/mr_ws/install/robo_pro_description/share/robo_pro_description/package.zsh'
[1.735s] Level 1:colcon.colcon_core.environment:create_file_with_runtime_dependencies(/home/essam/mr_ws/install/robo_pro_description/share/colcon-core/packages/robo_pro_description)
[1.735s] DEBUG:colcon.colcon_parallel_executor.executor.parallel:closing loop
[1.735s] DEBUG:colcon.colcon_parallel_executor.executor.parallel:loop closed
[1.735s] DEBUG:colcon.colcon_parallel_executor.executor.parallel:run_until_complete finished with '0'
[1.735s] DEBUG:colcon.colcon_core.event_reactor:joining thread
[1.741s] INFO:colcon.colcon_core.plugin_system:Skipping extension 'colcon_notification.desktop_notification.terminal_notifier': Not used on non-Darwin systems
[1.742s] INFO:colcon.colcon_core.plugin_system:Skipping extension 'colcon_notification.desktop_notification.win32': Not used on non-Windows systems
[1.742s] INFO:colcon.colcon_notification.desktop_notification:Sending desktop notification using 'notify2'
[1.753s] DEBUG:colcon.colcon_core.event_reactor:joined thread
[1.753s] INFO:colcon.colcon_core.shell:Creating prefix script '/home/essam/mr_ws/install/local_setup.ps1'
[1.755s] INFO:colcon.colcon_core.shell:Creating prefix util module '/home/essam/mr_ws/install/_local_setup_util_ps1.py'
[1.757s] INFO:colcon.colcon_core.shell:Creating prefix chain script '/home/essam/mr_ws/install/setup.ps1'
[1.760s] INFO:colcon.colcon_core.shell:Creating prefix script '/home/essam/mr_ws/install/local_setup.sh'
[1.761s] INFO:colcon.colcon_core.shell:Creating prefix util module '/home/essam/mr_ws/install/_local_setup_util_sh.py'
[1.762s] INFO:colcon.colcon_core.shell:Creating prefix chain script '/home/essam/mr_ws/install/setup.sh'
[1.765s] INFO:colcon.colcon_core.shell:Creating prefix script '/home/essam/mr_ws/install/local_setup.bash'
[1.766s] INFO:colcon.colcon_core.shell:Creating prefix chain script '/home/essam/mr_ws/install/setup.bash'
[1.768s] INFO:colcon.colcon_core.shell:Creating prefix script '/home/essam/mr_ws/install/local_setup.zsh'
[1.768s] INFO:colcon.colcon_core.shell:Creating prefix chain script '/home/essam/mr_ws/install/setup.zsh'
