[0.234s] Invoking command in '/home/essam/mr_ws/build/ldlidar_stl_ros2': CMAKE_PREFIX_PATH=${CMAKE_PREFIX_PATH}:/home/essam/mr_ws/install/control:/home/essam/ros2_ws/install/turtlesim_catch_them_all:/home/essam/ros2_ws/install/my_py_pkg:/home/essam/ros2_ws_t/install/project_py:/opt/ros/humble /usr/bin/cmake /home/essam/mr_ws/src/ldlidar_stl_ros2 -DCMAKE_INSTALL_PREFIX=/home/essam/mr_ws/install/ldlidar_stl_ros2
[0.301s] -- The C compiler identification is GNU 12.3.0
[0.367s] -- The CXX compiler identification is GNU 12.3.0
[0.374s] -- Detecting C compiler ABI info
[0.454s] -- Detecting C compiler ABI info - done
[0.461s] -- Check for working C compiler: /usr/bin/cc - skipped
[0.461s] -- Detecting C compile features
[0.462s] -- Detecting C compile features - done
[0.465s] -- Detecting CXX compiler ABI info
[0.565s] -- Detecting CXX compiler ABI info - done
[0.574s] -- Check for working CXX compiler: /usr/bin/c++ - skipped
[0.575s] -- Detecting CXX compile features
[0.575s] -- Detecting CXX compile features - done
[0.579s] -- Found ament_cmake: 1.3.11 (/opt/ros/humble/share/ament_cmake/cmake)
[1.042s] -- Found Python3: /usr/bin/python3 (found version "3.10.12") found components: Interpreter 
[1.156s] -- Found rclcpp: 16.0.11 (/opt/ros/humble/share/rclcpp/cmake)
[1.217s] -- Found rosidl_generator_c: 3.1.6 (/opt/ros/humble/share/rosidl_generator_c/cmake)
[1.225s] -- Found rosidl_adapter: 3.1.6 (/opt/ros/humble/share/rosidl_adapter/cmake)
[1.237s] -- Found rosidl_generator_cpp: 3.1.6 (/opt/ros/humble/share/rosidl_generator_cpp/cmake)
[1.252s] -- Using all available rosidl_typesupport_c: rosidl_typesupport_fastrtps_c;rosidl_typesupport_introspection_c
[1.272s] -- Using all available rosidl_typesupport_cpp: rosidl_typesupport_fastrtps_cpp;rosidl_typesupport_introspection_cpp
[1.334s] -- Found rmw_implementation_cmake: 6.1.2 (/opt/ros/humble/share/rmw_implementation_cmake/cmake)
[1.338s] -- Found rmw_cyclonedds_cpp: 1.3.4 (/opt/ros/humble/share/rmw_cyclonedds_cpp/cmake)
[1.372s] -- Using RMW implementation 'rmw_cyclonedds_cpp' as default
[1.387s] -- Looking for pthread.h
[1.473s] -- Looking for pthread.h - found
[1.474s] -- Performing Test CMAKE_HAVE_LIBC_PTHREAD
[1.561s] -- Performing Test CMAKE_HAVE_LIBC_PTHREAD - Success
[1.562s] -- Found Threads: TRUE  
[1.625s] -- Found sensor_msgs: 4.2.4 (/opt/ros/humble/share/sensor_msgs/cmake)
[1.662s] -- Found ament_lint_auto: 0.12.11 (/opt/ros/humble/share/ament_lint_auto/cmake)
[1.757s] -- Added test 'copyright' to check source files copyright and LICENSE
[1.762s] -- Added test 'cppcheck' to perform static code analysis on C / C++ code
[1.763s] -- Configured cppcheck include dirs: /home/essam/mr_ws/src/ldlidar_stl_ros2/include;/home/essam/mr_ws/src/ldlidar_stl_ros2/ldlidar_driver/include/core;/home/essam/mr_ws/src/ldlidar_stl_ros2/ldlidar_driver/include/dataprocess;/home/essam/mr_ws/src/ldlidar_stl_ros2/ldlidar_driver/include/filter;/home/essam/mr_ws/src/ldlidar_stl_ros2/ldlidar_driver/include/logger;/home/essam/mr_ws/src/ldlidar_stl_ros2/ldlidar_driver/include/networkcom;/home/essam/mr_ws/src/ldlidar_stl_ros2/ldlidar_driver/include/serialcom
[1.763s] -- Configured cppcheck exclude dirs and/or files: 
[1.768s] -- Added test 'cpplint' to check C / C++ code against the Google style
[1.768s] -- Configured cpplint exclude dirs and/or files: 
[1.769s] -- Added test 'flake8' to check Python code syntax and style conventions
[1.771s] -- Added test 'lint_cmake' to check CMake code style
[1.772s] -- Added test 'pep257' to check Python code against some of the docstring style conventions in PEP 257
[1.779s] -- Added test 'uncrustify' to check C / C++ code style
[1.780s] -- Configured uncrustify additional arguments: 
[1.781s] -- Added test 'xmllint' to check XML markup files
[1.782s] -- Configuring done
[1.793s] -- Generating done
[1.796s] -- Build files have been written to: /home/essam/mr_ws/build/ldlidar_stl_ros2
[1.804s] Invoked command in '/home/essam/mr_ws/build/ldlidar_stl_ros2' returned '0': CMAKE_PREFIX_PATH=${CMAKE_PREFIX_PATH}:/home/essam/mr_ws/install/control:/home/essam/ros2_ws/install/turtlesim_catch_them_all:/home/essam/ros2_ws/install/my_py_pkg:/home/essam/ros2_ws_t/install/project_py:/opt/ros/humble /usr/bin/cmake /home/essam/mr_ws/src/ldlidar_stl_ros2 -DCMAKE_INSTALL_PREFIX=/home/essam/mr_ws/install/ldlidar_stl_ros2
[1.806s] Invoking command in '/home/essam/mr_ws/build/ldlidar_stl_ros2': CMAKE_PREFIX_PATH=${CMAKE_PREFIX_PATH}:/home/essam/mr_ws/install/control:/home/essam/ros2_ws/install/turtlesim_catch_them_all:/home/essam/ros2_ws/install/my_py_pkg:/home/essam/ros2_ws_t/install/project_py:/opt/ros/humble /usr/bin/cmake --build /home/essam/mr_ws/build/ldlidar_stl_ros2 -- -j12 -l12
[1.865s] [ 12%] [32mBuilding CXX object CMakeFiles/ldlidar_stl_ros2_node.dir/src/demo.cpp.o[0m
[1.866s] [ 25%] [32mBuilding CXX object CMakeFiles/ldlidar_stl_ros2_node.dir/ldlidar_driver/src/filter/tofbf.cpp.o[0m
[1.867s] [ 37%] [32mBuilding CXX object CMakeFiles/ldlidar_stl_ros2_node.dir/ldlidar_driver/src/networkcom/network_socket_interface_linux.cpp.o[0m
[1.867s] [ 50%] [32mBuilding CXX object CMakeFiles/ldlidar_stl_ros2_node.dir/ldlidar_driver/src/dataprocess/lipkg.cpp.o[0m
[1.867s] [ 62%] [32mBuilding CXX object CMakeFiles/ldlidar_stl_ros2_node.dir/ldlidar_driver/src/serialcom/serial_interface_linux.cpp.o[0m
[1.869s] [ 75%] [32mBuilding CXX object CMakeFiles/ldlidar_stl_ros2_node.dir/ldlidar_driver/src/core/ldlidar_driver.cpp.o[0m
[1.871s] [ 87%] [32mBuilding CXX object CMakeFiles/ldlidar_stl_ros2_node.dir/ldlidar_driver/src/logger/log_module.cpp.o[0m
[6.487s] [100%] [32m[1mLinking CXX executable ldlidar_stl_ros2_node[0m
[6.692s] [100%] Built target ldlidar_stl_ros2_node
[6.704s] Invoked command in '/home/essam/mr_ws/build/ldlidar_stl_ros2' returned '0': CMAKE_PREFIX_PATH=${CMAKE_PREFIX_PATH}:/home/essam/mr_ws/install/control:/home/essam/ros2_ws/install/turtlesim_catch_them_all:/home/essam/ros2_ws/install/my_py_pkg:/home/essam/ros2_ws_t/install/project_py:/opt/ros/humble /usr/bin/cmake --build /home/essam/mr_ws/build/ldlidar_stl_ros2 -- -j12 -l12
[6.715s] Invoking command in '/home/essam/mr_ws/build/ldlidar_stl_ros2': CMAKE_PREFIX_PATH=${CMAKE_PREFIX_PATH}:/home/essam/mr_ws/install/control:/home/essam/ros2_ws/install/turtlesim_catch_them_all:/home/essam/ros2_ws/install/my_py_pkg:/home/essam/ros2_ws_t/install/project_py:/opt/ros/humble /usr/bin/cmake --install /home/essam/mr_ws/build/ldlidar_stl_ros2
[6.724s] -- Install configuration: ""
[6.724s] -- Installing: /home/essam/mr_ws/install/ldlidar_stl_ros2/lib/ldlidar_stl_ros2/ldlidar_stl_ros2_node
[6.725s] -- Set runtime path of "/home/essam/mr_ws/install/ldlidar_stl_ros2/lib/ldlidar_stl_ros2/ldlidar_stl_ros2_node" to ""
[6.725s] -- Installing: /home/essam/mr_ws/install/ldlidar_stl_ros2/share/ldlidar_stl_ros2//launch
[6.725s] -- Installing: /home/essam/mr_ws/install/ldlidar_stl_ros2/share/ldlidar_stl_ros2//launch/viewer_ld19.launch.py
[6.726s] -- Installing: /home/essam/mr_ws/install/ldlidar_stl_ros2/share/ldlidar_stl_ros2//launch/viewer_ld06.launch.py
[6.726s] -- Installing: /home/essam/mr_ws/install/ldlidar_stl_ros2/share/ldlidar_stl_ros2//launch/stl27l.launch.py
[6.726s] -- Installing: /home/essam/mr_ws/install/ldlidar_stl_ros2/share/ldlidar_stl_ros2//launch/ld19.launch.py
[6.726s] -- Installing: /home/essam/mr_ws/install/ldlidar_stl_ros2/share/ldlidar_stl_ros2//launch/viewer_stl27l.launch.py
[6.726s] -- Installing: /home/essam/mr_ws/install/ldlidar_stl_ros2/share/ldlidar_stl_ros2//launch/ld06.launch.py
[6.726s] -- Installing: /home/essam/mr_ws/install/ldlidar_stl_ros2/share/ldlidar_stl_ros2//rviz2
[6.727s] -- Installing: /home/essam/mr_ws/install/ldlidar_stl_ros2/share/ldlidar_stl_ros2//rviz2/ldlidar.rviz
[6.727s] -- Installing: /home/essam/mr_ws/install/ldlidar_stl_ros2/share/ament_index/resource_index/package_run_dependencies/ldlidar_stl_ros2
[6.727s] -- Installing: /home/essam/mr_ws/install/ldlidar_stl_ros2/share/ament_index/resource_index/parent_prefix_path/ldlidar_stl_ros2
[6.727s] -- Installing: /home/essam/mr_ws/install/ldlidar_stl_ros2/share/ldlidar_stl_ros2/environment/ament_prefix_path.sh
[6.727s] -- Installing: /home/essam/mr_ws/install/ldlidar_stl_ros2/share/ldlidar_stl_ros2/environment/ament_prefix_path.dsv
[6.727s] -- Installing: /home/essam/mr_ws/install/ldlidar_stl_ros2/share/ldlidar_stl_ros2/environment/path.sh
[6.728s] -- Installing: /home/essam/mr_ws/install/ldlidar_stl_ros2/share/ldlidar_stl_ros2/environment/path.dsv
[6.728s] -- Installing: /home/essam/mr_ws/install/ldlidar_stl_ros2/share/ldlidar_stl_ros2/local_setup.bash
[6.728s] -- Installing: /home/essam/mr_ws/install/ldlidar_stl_ros2/share/ldlidar_stl_ros2/local_setup.sh
[6.728s] -- Installing: /home/essam/mr_ws/install/ldlidar_stl_ros2/share/ldlidar_stl_ros2/local_setup.zsh
[6.728s] -- Installing: /home/essam/mr_ws/install/ldlidar_stl_ros2/share/ldlidar_stl_ros2/local_setup.dsv
[6.728s] -- Installing: /home/essam/mr_ws/install/ldlidar_stl_ros2/share/ldlidar_stl_ros2/package.dsv
[6.728s] -- Installing: /home/essam/mr_ws/install/ldlidar_stl_ros2/share/ament_index/resource_index/packages/ldlidar_stl_ros2
[6.729s] -- Installing: /home/essam/mr_ws/install/ldlidar_stl_ros2/share/ldlidar_stl_ros2/cmake/ldlidar_stl_ros2Config.cmake
[6.729s] -- Installing: /home/essam/mr_ws/install/ldlidar_stl_ros2/share/ldlidar_stl_ros2/cmake/ldlidar_stl_ros2Config-version.cmake
[6.729s] -- Installing: /home/essam/mr_ws/install/ldlidar_stl_ros2/share/ldlidar_stl_ros2/package.xml
[6.731s] Invoked command in '/home/essam/mr_ws/build/ldlidar_stl_ros2' returned '0': CMAKE_PREFIX_PATH=${CMAKE_PREFIX_PATH}:/home/essam/mr_ws/install/control:/home/essam/ros2_ws/install/turtlesim_catch_them_all:/home/essam/ros2_ws/install/my_py_pkg:/home/essam/ros2_ws_t/install/project_py:/opt/ros/humble /usr/bin/cmake --install /home/essam/mr_ws/build/ldlidar_stl_ros2
