-- Install configuration: ""
-- Up-to-date: /home/essam/mr_ws/install/robo_pro_description/share/robo_pro_description//config
-- Up-to-date: /home/essam/mr_ws/install/robo_pro_description/share/robo_pro_description//config/joint_names_MR_VFP_sim.yaml
-- Up-to-date: /home/essam/mr_ws/install/robo_pro_description/share/robo_pro_description//config/urdf_config.rviz
-- Up-to-date: /home/essam/mr_ws/install/robo_pro_description/share/robo_pro_description//launch
-- Up-to-date: /home/essam/mr_ws/install/robo_pro_description/share/robo_pro_description//launch/display.launch.py
-- Up-to-date: /home/essam/mr_ws/install/robo_pro_description/share/robo_pro_description//urdf
-- Up-to-date: /home/essam/mr_ws/install/robo_pro_description/share/robo_pro_description//urdf/robo_body.xacro
-- Up-to-date: /home/essam/mr_ws/install/robo_pro_description/share/robo_pro_description//urdf/gazebo_control.xacro
-- Up-to-date: /home/essam/mr_ws/install/robo_pro_description/share/robo_pro_description//urdf/robo.urdf.xacro
-- Installing: /home/essam/mr_ws/install/robo_pro_description/share/robo_pro_description//urdf/lidar_ld06.xacro
-- Up-to-date: /home/essam/mr_ws/install/robo_pro_description/share/robo_pro_description//urdf/inertial_macros.xacro
-- Up-to-date: /home/essam/mr_ws/install/robo_pro_description/share/robo_pro_description//world
-- Up-to-date: /home/essam/mr_ws/install/robo_pro_description/share/ament_index/resource_index/package_run_dependencies/robo_pro_description
-- Up-to-date: /home/essam/mr_ws/install/robo_pro_description/share/ament_index/resource_index/parent_prefix_path/robo_pro_description
-- Up-to-date: /home/essam/mr_ws/install/robo_pro_description/share/robo_pro_description/environment/ament_prefix_path.sh
-- Up-to-date: /home/essam/mr_ws/install/robo_pro_description/share/robo_pro_description/environment/ament_prefix_path.dsv
-- Up-to-date: /home/essam/mr_ws/install/robo_pro_description/share/robo_pro_description/environment/path.sh
-- Up-to-date: /home/essam/mr_ws/install/robo_pro_description/share/robo_pro_description/environment/path.dsv
-- Up-to-date: /home/essam/mr_ws/install/robo_pro_description/share/robo_pro_description/local_setup.bash
-- Up-to-date: /home/essam/mr_ws/install/robo_pro_description/share/robo_pro_description/local_setup.sh
-- Up-to-date: /home/essam/mr_ws/install/robo_pro_description/share/robo_pro_description/local_setup.zsh
-- Up-to-date: /home/essam/mr_ws/install/robo_pro_description/share/robo_pro_description/local_setup.dsv
-- Installing: /home/essam/mr_ws/install/robo_pro_description/share/robo_pro_description/package.dsv
-- Up-to-date: /home/essam/mr_ws/install/robo_pro_description/share/ament_index/resource_index/packages/robo_pro_description
-- Up-to-date: /home/essam/mr_ws/install/robo_pro_description/share/robo_pro_description/cmake/robo_pro_descriptionConfig.cmake
-- Up-to-date: /home/essam/mr_ws/install/robo_pro_description/share/robo_pro_description/cmake/robo_pro_descriptionConfig-version.cmake
-- Up-to-date: /home/essam/mr_ws/install/robo_pro_description/share/robo_pro_description/package.xml
