[0.230s] Invoking command in '/home/essam/mr_ws/build/ldlidar_stl_ros2': CMAKE_PREFIX_PATH=${CMAKE_PREFIX_PATH}:/home/essam/ros2_ws/install/turtlesim_catch_them_all:/home/essam/ros2_ws/install/my_py_pkg:/home/essam/mr_ws/install/control:/home/essam/ros2_ws_t/install/project_py:/opt/ros/humble /usr/bin/cmake --build /home/essam/mr_ws/build/ldlidar_stl_ros2 -- -j12 -l12
[0.293s] [100%] Built target ldlidar_stl_ros2_node
[0.307s] Invoked command in '/home/essam/mr_ws/build/ldlidar_stl_ros2' returned '0': CMAKE_PREFIX_PATH=${CMAKE_PREFIX_PATH}:/home/essam/ros2_ws/install/turtlesim_catch_them_all:/home/essam/ros2_ws/install/my_py_pkg:/home/essam/mr_ws/install/control:/home/essam/ros2_ws_t/install/project_py:/opt/ros/humble /usr/bin/cmake --build /home/essam/mr_ws/build/ldlidar_stl_ros2 -- -j12 -l12
[0.319s] Invoking command in '/home/essam/mr_ws/build/ldlidar_stl_ros2': CMAKE_PREFIX_PATH=${CMAKE_PREFIX_PATH}:/home/essam/ros2_ws/install/turtlesim_catch_them_all:/home/essam/ros2_ws/install/my_py_pkg:/home/essam/mr_ws/install/control:/home/essam/ros2_ws_t/install/project_py:/opt/ros/humble /usr/bin/cmake --install /home/essam/mr_ws/build/ldlidar_stl_ros2
[0.328s] -- Install configuration: ""
[0.328s] -- Up-to-date: /home/essam/mr_ws/install/ldlidar_stl_ros2/lib/ldlidar_stl_ros2/ldlidar_stl_ros2_node
[0.329s] -- Up-to-date: /home/essam/mr_ws/install/ldlidar_stl_ros2/share/ldlidar_stl_ros2//launch
[0.329s] -- Up-to-date: /home/essam/mr_ws/install/ldlidar_stl_ros2/share/ldlidar_stl_ros2//launch/viewer_ld19.launch.py
[0.329s] -- Up-to-date: /home/essam/mr_ws/install/ldlidar_stl_ros2/share/ldlidar_stl_ros2//launch/viewer_ld06.launch.py
[0.330s] -- Up-to-date: /home/essam/mr_ws/install/ldlidar_stl_ros2/share/ldlidar_stl_ros2//launch/stl27l.launch.py
[0.330s] -- Up-to-date: /home/essam/mr_ws/install/ldlidar_stl_ros2/share/ldlidar_stl_ros2//launch/ld19.launch.py
[0.330s] -- Up-to-date: /home/essam/mr_ws/install/ldlidar_stl_ros2/share/ldlidar_stl_ros2//launch/viewer_stl27l.launch.py
[0.330s] -- Up-to-date: /home/essam/mr_ws/install/ldlidar_stl_ros2/share/ldlidar_stl_ros2//launch/ld06.launch.py
[0.330s] -- Up-to-date: /home/essam/mr_ws/install/ldlidar_stl_ros2/share/ldlidar_stl_ros2//rviz2
[0.330s] -- Up-to-date: /home/essam/mr_ws/install/ldlidar_stl_ros2/share/ldlidar_stl_ros2//rviz2/ldlidar.rviz
[0.330s] -- Up-to-date: /home/essam/mr_ws/install/ldlidar_stl_ros2/share/ament_index/resource_index/package_run_dependencies/ldlidar_stl_ros2
[0.330s] -- Up-to-date: /home/essam/mr_ws/install/ldlidar_stl_ros2/share/ament_index/resource_index/parent_prefix_path/ldlidar_stl_ros2
[0.331s] -- Up-to-date: /home/essam/mr_ws/install/ldlidar_stl_ros2/share/ldlidar_stl_ros2/environment/ament_prefix_path.sh
[0.331s] -- Up-to-date: /home/essam/mr_ws/install/ldlidar_stl_ros2/share/ldlidar_stl_ros2/environment/ament_prefix_path.dsv
[0.331s] -- Up-to-date: /home/essam/mr_ws/install/ldlidar_stl_ros2/share/ldlidar_stl_ros2/environment/path.sh
[0.331s] -- Up-to-date: /home/essam/mr_ws/install/ldlidar_stl_ros2/share/ldlidar_stl_ros2/environment/path.dsv
[0.331s] -- Up-to-date: /home/essam/mr_ws/install/ldlidar_stl_ros2/share/ldlidar_stl_ros2/local_setup.bash
[0.331s] -- Up-to-date: /home/essam/mr_ws/install/ldlidar_stl_ros2/share/ldlidar_stl_ros2/local_setup.sh
[0.331s] -- Up-to-date: /home/essam/mr_ws/install/ldlidar_stl_ros2/share/ldlidar_stl_ros2/local_setup.zsh
[0.331s] -- Up-to-date: /home/essam/mr_ws/install/ldlidar_stl_ros2/share/ldlidar_stl_ros2/local_setup.dsv
[0.331s] -- Installing: /home/essam/mr_ws/install/ldlidar_stl_ros2/share/ldlidar_stl_ros2/package.dsv
[0.331s] -- Up-to-date: /home/essam/mr_ws/install/ldlidar_stl_ros2/share/ament_index/resource_index/packages/ldlidar_stl_ros2
[0.331s] -- Up-to-date: /home/essam/mr_ws/install/ldlidar_stl_ros2/share/ldlidar_stl_ros2/cmake/ldlidar_stl_ros2Config.cmake
[0.331s] -- Up-to-date: /home/essam/mr_ws/install/ldlidar_stl_ros2/share/ldlidar_stl_ros2/cmake/ldlidar_stl_ros2Config-version.cmake
[0.331s] -- Up-to-date: /home/essam/mr_ws/install/ldlidar_stl_ros2/share/ldlidar_stl_ros2/package.xml
[0.333s] Invoked command in '/home/essam/mr_ws/build/ldlidar_stl_ros2' returned '0': CMAKE_PREFIX_PATH=${CMAKE_PREFIX_PATH}:/home/essam/ros2_ws/install/turtlesim_catch_them_all:/home/essam/ros2_ws/install/my_py_pkg:/home/essam/mr_ws/install/control:/home/essam/ros2_ws_t/install/project_py:/opt/ros/humble /usr/bin/cmake --install /home/essam/mr_ws/build/ldlidar_stl_ros2
