[0.853s] Invoking command in '/home/essam/mr_ws/src/control': PYTHONPATH=/home/essam/mr_ws/build/control/prefix_override:/usr/lib/python3/dist-packages/colcon_core/task/python/colcon_distutils_commands:/home/essam/mr_ws/install/control/lib/python3.10/site-packages:${PYTHONPATH} /usr/bin/python3 -W ignore:setup.py install is deprecated -W ignore:easy_install command is deprecated setup.py egg_info --egg-base ../../build/control build --build-base /home/essam/mr_ws/build/control/build install --record /home/essam/mr_ws/build/control/install.log --single-version-externally-managed install_data
[1.130s] running egg_info
[1.150s] writing ../../build/control/control.egg-info/PKG-INFO
[1.150s] writing dependency_links to ../../build/control/control.egg-info/dependency_links.txt
[1.151s] writing entry points to ../../build/control/control.egg-info/entry_points.txt
[1.151s] writing requirements to ../../build/control/control.egg-info/requires.txt
[1.151s] writing top-level names to ../../build/control/control.egg-info/top_level.txt
[1.191s] reading manifest file '../../build/control/control.egg-info/SOURCES.txt'
[1.192s] writing manifest file '../../build/control/control.egg-info/SOURCES.txt'
[1.193s] running build
[1.193s] running build_py
[1.193s] copying control/functions.py -> /home/essam/mr_ws/build/control/build/lib/control
[1.193s] copying control/fake_odom_publisher.py -> /home/essam/mr_ws/build/control/build/lib/control
[1.194s] copying control/odom_node.py -> /home/essam/mr_ws/build/control/build/lib/control
[1.194s] copying control/logic.py -> /home/essam/mr_ws/build/control/build/lib/control
[1.194s] copying control/encoder_speed_node.py -> /home/essam/mr_ws/build/control/build/lib/control
[1.194s] copying control/__init__.py -> /home/essam/mr_ws/build/control/build/lib/control
[1.194s] running install
[1.198s] running install_lib
[1.217s] running install_data
[1.217s] copying resource/control -> /home/essam/mr_ws/install/control/share/ament_index/resource_index/packages
[1.218s] copying package.xml -> /home/essam/mr_ws/install/control/share/control
[1.218s] running install_egg_info
[1.238s] removing '/home/essam/mr_ws/install/control/lib/python3.10/site-packages/control-0.0.0-py3.10.egg-info' (and everything under it)
[1.239s] Copying ../../build/control/control.egg-info to /home/essam/mr_ws/install/control/lib/python3.10/site-packages/control-0.0.0-py3.10.egg-info
[1.240s] running install_scripts
[1.279s] Installing encoder_speed_node script to /home/essam/mr_ws/install/control/lib/control
[1.279s] Installing fake_odom_publisher script to /home/essam/mr_ws/install/control/lib/control
[1.279s] Installing functions script to /home/essam/mr_ws/install/control/lib/control
[1.280s] Installing logic script to /home/essam/mr_ws/install/control/lib/control
[1.280s] Installing odom_node script to /home/essam/mr_ws/install/control/lib/control
[1.280s] writing list of installed files to '/home/essam/mr_ws/build/control/install.log'
[1.299s] Invoked command in '/home/essam/mr_ws/src/control' returned '0': PYTHONPATH=/home/essam/mr_ws/build/control/prefix_override:/usr/lib/python3/dist-packages/colcon_core/task/python/colcon_distutils_commands:/home/essam/mr_ws/install/control/lib/python3.10/site-packages:${PYTHONPATH} /usr/bin/python3 -W ignore:setup.py install is deprecated -W ignore:easy_install command is deprecated setup.py egg_info --egg-base ../../build/control build --build-base /home/essam/mr_ws/build/control/build install --record /home/essam/mr_ws/build/control/install.log --single-version-externally-managed install_data
