[0.773s] Invoking command in '/home/essam/mr_ws/src/control': PYTHONPATH=/home/essam/mr_ws/build/control/prefix_override:/usr/lib/python3/dist-packages/colcon_core/task/python/colcon_distutils_commands:/home/essam/mr_ws/install/control/lib/python3.10/site-packages:${PYTHONPATH} /usr/bin/python3 -W ignore:setup.py install is deprecated -W ignore:easy_install command is deprecated setup.py egg_info --egg-base ../../build/control build --build-base /home/essam/mr_ws/build/control/build install --record /home/essam/mr_ws/build/control/install.log --single-version-externally-managed install_data
[1.025s] running egg_info
[1.043s] writing ../../build/control/control.egg-info/PKG-INFO
[1.044s] writing dependency_links to ../../build/control/control.egg-info/dependency_links.txt
[1.044s] writing entry points to ../../build/control/control.egg-info/entry_points.txt
[1.044s] writing requirements to ../../build/control/control.egg-info/requires.txt
[1.044s] writing top-level names to ../../build/control/control.egg-info/top_level.txt
[1.080s] reading manifest file '../../build/control/control.egg-info/SOURCES.txt'
[1.081s] writing manifest file '../../build/control/control.egg-info/SOURCES.txt'
[1.082s] running build
[1.082s] running build_py
[1.082s] copying control/functions.py -> /home/essam/mr_ws/build/control/build/lib/control
[1.082s] copying control/fake_odom_publisher.py -> /home/essam/mr_ws/build/control/build/lib/control
[1.082s] copying control/odom_node.py -> /home/essam/mr_ws/build/control/build/lib/control
[1.082s] copying control/logic.py -> /home/essam/mr_ws/build/control/build/lib/control
[1.082s] copying control/encoder_speed_node.py -> /home/essam/mr_ws/build/control/build/lib/control
[1.083s] copying control/__init__.py -> /home/essam/mr_ws/build/control/build/lib/control
[1.083s] running install
[1.087s] running install_lib
[1.104s] copying /home/essam/mr_ws/build/control/build/lib/control/odom_node.py -> /home/essam/mr_ws/install/control/lib/python3.10/site-packages/control
[1.105s] byte-compiling /home/essam/mr_ws/install/control/lib/python3.10/site-packages/control/odom_node.py to odom_node.cpython-310.pyc
[1.106s] running install_data
[1.106s] copying resource/control -> /home/essam/mr_ws/install/control/share/ament_index/resource_index/packages
[1.106s] copying package.xml -> /home/essam/mr_ws/install/control/share/control
[1.106s] running install_egg_info
[1.126s] removing '/home/essam/mr_ws/install/control/lib/python3.10/site-packages/control-0.0.0-py3.10.egg-info' (and everything under it)
[1.126s] Copying ../../build/control/control.egg-info to /home/essam/mr_ws/install/control/lib/python3.10/site-packages/control-0.0.0-py3.10.egg-info
[1.127s] running install_scripts
[1.163s] Installing encoder_speed_node script to /home/essam/mr_ws/install/control/lib/control
[1.163s] Installing fake_odom_publisher script to /home/essam/mr_ws/install/control/lib/control
[1.163s] Installing functions script to /home/essam/mr_ws/install/control/lib/control
[1.163s] Installing logic script to /home/essam/mr_ws/install/control/lib/control
[1.163s] Installing odom_node script to /home/essam/mr_ws/install/control/lib/control
[1.164s] writing list of installed files to '/home/essam/mr_ws/build/control/install.log'
[1.181s] Invoked command in '/home/essam/mr_ws/src/control' returned '0': PYTHONPATH=/home/essam/mr_ws/build/control/prefix_override:/usr/lib/python3/dist-packages/colcon_core/task/python/colcon_distutils_commands:/home/essam/mr_ws/install/control/lib/python3.10/site-packages:${PYTHONPATH} /usr/bin/python3 -W ignore:setup.py install is deprecated -W ignore:easy_install command is deprecated setup.py egg_info --egg-base ../../build/control build --build-base /home/essam/mr_ws/build/control/build install --record /home/essam/mr_ws/build/control/install.log --single-version-externally-managed install_data
