/home/essam/mr_ws/install/control/lib/python3.10/site-packages/control/functions.py
/home/essam/mr_ws/install/control/lib/python3.10/site-packages/control/fake_odom_publisher.py
/home/essam/mr_ws/install/control/lib/python3.10/site-packages/control/odom_node.py
/home/essam/mr_ws/install/control/lib/python3.10/site-packages/control/logic.py
/home/essam/mr_ws/install/control/lib/python3.10/site-packages/control/encoder_speed_node.py
/home/essam/mr_ws/install/control/lib/python3.10/site-packages/control/__init__.py
/home/essam/mr_ws/install/control/lib/python3.10/site-packages/control/__pycache__/functions.cpython-310.pyc
/home/essam/mr_ws/install/control/lib/python3.10/site-packages/control/__pycache__/fake_odom_publisher.cpython-310.pyc
/home/essam/mr_ws/install/control/lib/python3.10/site-packages/control/__pycache__/odom_node.cpython-310.pyc
/home/essam/mr_ws/install/control/lib/python3.10/site-packages/control/__pycache__/logic.cpython-310.pyc
/home/essam/mr_ws/install/control/lib/python3.10/site-packages/control/__pycache__/encoder_speed_node.cpython-310.pyc
/home/essam/mr_ws/install/control/lib/python3.10/site-packages/control/__pycache__/__init__.cpython-310.pyc
/home/essam/mr_ws/install/control/share/ament_index/resource_index/packages/control
/home/essam/mr_ws/install/control/share/control/package.xml
/home/essam/mr_ws/install/control/lib/python3.10/site-packages/control-0.0.0-py3.10.egg-info/entry_points.txt
/home/essam/mr_ws/install/control/lib/python3.10/site-packages/control-0.0.0-py3.10.egg-info/SOURCES.txt
/home/essam/mr_ws/install/control/lib/python3.10/site-packages/control-0.0.0-py3.10.egg-info/PKG-INFO
/home/essam/mr_ws/install/control/lib/python3.10/site-packages/control-0.0.0-py3.10.egg-info/top_level.txt
/home/essam/mr_ws/install/control/lib/python3.10/site-packages/control-0.0.0-py3.10.egg-info/zip-safe
/home/essam/mr_ws/install/control/lib/python3.10/site-packages/control-0.0.0-py3.10.egg-info/dependency_links.txt
/home/essam/mr_ws/install/control/lib/python3.10/site-packages/control-0.0.0-py3.10.egg-info/requires.txt
/home/essam/mr_ws/install/control/lib/control/encoder_speed_node
/home/essam/mr_ws/install/control/lib/control/fake_odom_publisher
/home/essam/mr_ws/install/control/lib/control/functions
/home/essam/mr_ws/install/control/lib/control/logic
/home/essam/mr_ws/install/control/lib/control/odom_node
