[0.215s] Invoking command in '/home/essam/mr_ws/build/ldlidar_stl_ros2': CMAKE_PREFIX_PATH=${CMAKE_PREFIX_PATH}:/home/essam/ros2_ws/install/turtlesim_catch_them_all:/home/essam/ros2_ws/install/my_py_pkg:/home/essam/mr_ws/install/control:/home/essam/ros2_ws_t/install/project_py:/opt/ros/humble /usr/bin/cmake --build /home/essam/mr_ws/build/ldlidar_stl_ros2 -- -j12 -l12
[0.271s] [ 12%] [32mBuilding CXX object CMakeFiles/ldlidar_stl_ros2_node.dir/src/demo.cpp.o[0m
[4.364s] [ 25%] [32m[1mLinking CXX executable ldlidar_stl_ros2_node[0m
[4.567s] [100%] Built target ldlidar_stl_ros2_node
[4.578s] Invoked command in '/home/essam/mr_ws/build/ldlidar_stl_ros2' returned '0': CMAKE_PREFIX_PATH=${CMAKE_PREFIX_PATH}:/home/essam/ros2_ws/install/turtlesim_catch_them_all:/home/essam/ros2_ws/install/my_py_pkg:/home/essam/mr_ws/install/control:/home/essam/ros2_ws_t/install/project_py:/opt/ros/humble /usr/bin/cmake --build /home/essam/mr_ws/build/ldlidar_stl_ros2 -- -j12 -l12
[4.595s] Invoking command in '/home/essam/mr_ws/build/ldlidar_stl_ros2': CMAKE_PREFIX_PATH=${CMAKE_PREFIX_PATH}:/home/essam/ros2_ws/install/turtlesim_catch_them_all:/home/essam/ros2_ws/install/my_py_pkg:/home/essam/mr_ws/install/control:/home/essam/ros2_ws_t/install/project_py:/opt/ros/humble /usr/bin/cmake --install /home/essam/mr_ws/build/ldlidar_stl_ros2
[4.596s] -- Install configuration: ""
[4.596s] -- Installing: /home/essam/mr_ws/install/ldlidar_stl_ros2/lib/ldlidar_stl_ros2/ldlidar_stl_ros2_node
[4.596s] -- Set runtime path of "/home/essam/mr_ws/install/ldlidar_stl_ros2/lib/ldlidar_stl_ros2/ldlidar_stl_ros2_node" to ""
[4.596s] -- Up-to-date: /home/essam/mr_ws/install/ldlidar_stl_ros2/share/ldlidar_stl_ros2//launch
[4.597s] -- Up-to-date: /home/essam/mr_ws/install/ldlidar_stl_ros2/share/ldlidar_stl_ros2//launch/viewer_ld19.launch.py
[4.597s] -- Up-to-date: /home/essam/mr_ws/install/ldlidar_stl_ros2/share/ldlidar_stl_ros2//launch/viewer_ld06.launch.py
[4.597s] -- Up-to-date: /home/essam/mr_ws/install/ldlidar_stl_ros2/share/ldlidar_stl_ros2//launch/stl27l.launch.py
[4.597s] -- Up-to-date: /home/essam/mr_ws/install/ldlidar_stl_ros2/share/ldlidar_stl_ros2//launch/ld19.launch.py
[4.597s] -- Up-to-date: /home/essam/mr_ws/install/ldlidar_stl_ros2/share/ldlidar_stl_ros2//launch/viewer_stl27l.launch.py
[4.597s] -- Up-to-date: /home/essam/mr_ws/install/ldlidar_stl_ros2/share/ldlidar_stl_ros2//launch/ld06.launch.py
[4.597s] -- Up-to-date: /home/essam/mr_ws/install/ldlidar_stl_ros2/share/ldlidar_stl_ros2//rviz2
[4.597s] -- Up-to-date: /home/essam/mr_ws/install/ldlidar_stl_ros2/share/ldlidar_stl_ros2//rviz2/ldlidar.rviz
[4.597s] -- Up-to-date: /home/essam/mr_ws/install/ldlidar_stl_ros2/share/ament_index/resource_index/package_run_dependencies/ldlidar_stl_ros2
[4.597s] -- Up-to-date: /home/essam/mr_ws/install/ldlidar_stl_ros2/share/ament_index/resource_index/parent_prefix_path/ldlidar_stl_ros2
[4.597s] -- Up-to-date: /home/essam/mr_ws/install/ldlidar_stl_ros2/share/ldlidar_stl_ros2/environment/ament_prefix_path.sh
[4.597s] -- Up-to-date: /home/essam/mr_ws/install/ldlidar_stl_ros2/share/ldlidar_stl_ros2/environment/ament_prefix_path.dsv
[4.597s] -- Up-to-date: /home/essam/mr_ws/install/ldlidar_stl_ros2/share/ldlidar_stl_ros2/environment/path.sh
[4.597s] -- Up-to-date: /home/essam/mr_ws/install/ldlidar_stl_ros2/share/ldlidar_stl_ros2/environment/path.dsv
[4.597s] -- Up-to-date: /home/essam/mr_ws/install/ldlidar_stl_ros2/share/ldlidar_stl_ros2/local_setup.bash
[4.597s] -- Up-to-date: /home/essam/mr_ws/install/ldlidar_stl_ros2/share/ldlidar_stl_ros2/local_setup.sh
[4.597s] -- Up-to-date: /home/essam/mr_ws/install/ldlidar_stl_ros2/share/ldlidar_stl_ros2/local_setup.zsh
[4.598s] -- Up-to-date: /home/essam/mr_ws/install/ldlidar_stl_ros2/share/ldlidar_stl_ros2/local_setup.dsv
[4.598s] -- Installing: /home/essam/mr_ws/install/ldlidar_stl_ros2/share/ldlidar_stl_ros2/package.dsv
[4.598s] -- Up-to-date: /home/essam/mr_ws/install/ldlidar_stl_ros2/share/ament_index/resource_index/packages/ldlidar_stl_ros2
[4.598s] -- Up-to-date: /home/essam/mr_ws/install/ldlidar_stl_ros2/share/ldlidar_stl_ros2/cmake/ldlidar_stl_ros2Config.cmake
[4.598s] -- Up-to-date: /home/essam/mr_ws/install/ldlidar_stl_ros2/share/ldlidar_stl_ros2/cmake/ldlidar_stl_ros2Config-version.cmake
[4.598s] -- Up-to-date: /home/essam/mr_ws/install/ldlidar_stl_ros2/share/ldlidar_stl_ros2/package.xml
[4.599s] Invoked command in '/home/essam/mr_ws/build/ldlidar_stl_ros2' returned '0': CMAKE_PREFIX_PATH=${CMAKE_PREFIX_PATH}:/home/essam/ros2_ws/install/turtlesim_catch_them_all:/home/essam/ros2_ws/install/my_py_pkg:/home/essam/mr_ws/install/control:/home/essam/ros2_ws_t/install/project_py:/opt/ros/humble /usr/bin/cmake --install /home/essam/mr_ws/build/ldlidar_stl_ros2
