[0.108s] DEBUG:colcon:Command line arguments: ['/usr/bin/colcon', 'build']
[0.108s] DEBUG:colcon:Parsed command line arguments: Namespace(log_base=None, log_level=None, verb_name='build', build_base='build', install_base='install', merge_install=False, symlink_install=False, test_result_base=None, continue_on_error=False, executor='parallel', parallel_workers=12, event_handlers=None, ignore_user_meta=False, metas=['./colcon.meta'], base_paths=['.'], packages_ignore=None, packages_ignore_regex=None, paths=None, packages_up_to=None, packages_up_to_regex=None, packages_above=None, packages_above_and_dependencies=None, packages_above_depth=None, packages_select_by_dep=None, packages_skip_by_dep=None, packages_skip_up_to=None, packages_select_build_failed=False, packages_skip_build_finished=False, packages_select_test_failures=False, packages_skip_test_passed=False, packages_select=None, packages_skip=None, packages_select_regex=None, packages_skip_regex=None, packages_start=None, packages_end=None, allow_overriding=[], cmake_args=None, cmake_target=None, cmake_target_skip_unavailable=False, cmake_clean_cache=False, cmake_clean_first=False, cmake_force_configure=False, ament_cmake_args=None, catkin_cmake_args=None, catkin_skip_building_tests=False, verb_parser=<colcon_defaults.argument_parser.defaults.DefaultArgumentsDecorator object at 0x793bc8163910>, verb_extension=<colcon_core.verb.build.BuildVerb object at 0x793bc828d4e0>, main=<bound method BuildVerb.main of <colcon_core.verb.build.BuildVerb object at 0x793bc828d4e0>>)
[0.145s] Level 1:colcon.colcon_core.package_discovery:discover_packages(colcon_meta) check parameters
[0.145s] Level 1:colcon.colcon_core.package_discovery:discover_packages(recursive) check parameters
[0.145s] Level 1:colcon.colcon_core.package_discovery:discover_packages(ignore) check parameters
[0.145s] Level 1:colcon.colcon_core.package_discovery:discover_packages(path) check parameters
[0.145s] Level 1:colcon.colcon_core.package_discovery:discover_packages(colcon_meta) discover
[0.145s] Level 1:colcon.colcon_core.package_discovery:discover_packages(recursive) discover
[0.146s] INFO:colcon.colcon_core.package_discovery:Crawling recursively for packages in '/home/essam/mr_ws'
[0.146s] Level 1:colcon.colcon_core.package_identification:_identify(.) by extensions ['ignore', 'ignore_ament_install']
[0.146s] Level 1:colcon.colcon_core.package_identification:_identify(.) by extension 'ignore'
[0.146s] Level 1:colcon.colcon_core.package_identification:_identify(.) by extension 'ignore_ament_install'
[0.146s] Level 1:colcon.colcon_core.package_identification:_identify(.) by extensions ['colcon_pkg']
[0.146s] Level 1:colcon.colcon_core.package_identification:_identify(.) by extension 'colcon_pkg'
[0.146s] Level 1:colcon.colcon_core.package_identification:_identify(.) by extensions ['colcon_meta']
[0.146s] Level 1:colcon.colcon_core.package_identification:_identify(.) by extension 'colcon_meta'
[0.146s] Level 1:colcon.colcon_core.package_identification:_identify(.) by extensions ['ros']
[0.146s] Level 1:colcon.colcon_core.package_identification:_identify(.) by extension 'ros'
[0.159s] Level 1:colcon.colcon_core.package_identification:_identify(.) by extensions ['cmake', 'python']
[0.159s] Level 1:colcon.colcon_core.package_identification:_identify(.) by extension 'cmake'
[0.160s] Level 1:colcon.colcon_core.package_identification:_identify(.) by extension 'python'
[0.160s] Level 1:colcon.colcon_core.package_identification:_identify(.) by extensions ['python_setup_py']
[0.160s] Level 1:colcon.colcon_core.package_identification:_identify(.) by extension 'python_setup_py'
[0.160s] Level 1:colcon.colcon_core.package_identification:_identify(build) by extensions ['ignore', 'ignore_ament_install']
[0.160s] Level 1:colcon.colcon_core.package_identification:_identify(build) by extension 'ignore'
[0.160s] Level 1:colcon.colcon_core.package_identification:_identify(build) ignored
[0.160s] Level 1:colcon.colcon_core.package_identification:_identify(install) by extensions ['ignore', 'ignore_ament_install']
[0.160s] Level 1:colcon.colcon_core.package_identification:_identify(install) by extension 'ignore'
[0.160s] Level 1:colcon.colcon_core.package_identification:_identify(install) ignored
[0.160s] Level 1:colcon.colcon_core.package_identification:_identify(log) by extensions ['ignore', 'ignore_ament_install']
[0.160s] Level 1:colcon.colcon_core.package_identification:_identify(log) by extension 'ignore'
[0.160s] Level 1:colcon.colcon_core.package_identification:_identify(log) ignored
[0.160s] Level 1:colcon.colcon_core.package_identification:_identify(src) by extensions ['ignore', 'ignore_ament_install']
[0.160s] Level 1:colcon.colcon_core.package_identification:_identify(src) by extension 'ignore'
[0.160s] Level 1:colcon.colcon_core.package_identification:_identify(src) by extension 'ignore_ament_install'
[0.161s] Level 1:colcon.colcon_core.package_identification:_identify(src) by extensions ['colcon_pkg']
[0.161s] Level 1:colcon.colcon_core.package_identification:_identify(src) by extension 'colcon_pkg'
[0.161s] Level 1:colcon.colcon_core.package_identification:_identify(src) by extensions ['colcon_meta']
[0.161s] Level 1:colcon.colcon_core.package_identification:_identify(src) by extension 'colcon_meta'
[0.161s] Level 1:colcon.colcon_core.package_identification:_identify(src) by extensions ['ros']
[0.161s] Level 1:colcon.colcon_core.package_identification:_identify(src) by extension 'ros'
[0.161s] Level 1:colcon.colcon_core.package_identification:_identify(src) by extensions ['cmake', 'python']
[0.161s] Level 1:colcon.colcon_core.package_identification:_identify(src) by extension 'cmake'
[0.161s] Level 1:colcon.colcon_core.package_identification:_identify(src) by extension 'python'
[0.161s] Level 1:colcon.colcon_core.package_identification:_identify(src) by extensions ['python_setup_py']
[0.161s] Level 1:colcon.colcon_core.package_identification:_identify(src) by extension 'python_setup_py'
[0.161s] Level 1:colcon.colcon_core.package_identification:_identify(src/control) by extensions ['ignore', 'ignore_ament_install']
[0.161s] Level 1:colcon.colcon_core.package_identification:_identify(src/control) by extension 'ignore'
[0.161s] Level 1:colcon.colcon_core.package_identification:_identify(src/control) by extension 'ignore_ament_install'
[0.161s] Level 1:colcon.colcon_core.package_identification:_identify(src/control) by extensions ['colcon_pkg']
[0.161s] Level 1:colcon.colcon_core.package_identification:_identify(src/control) by extension 'colcon_pkg'
[0.161s] Level 1:colcon.colcon_core.package_identification:_identify(src/control) by extensions ['colcon_meta']
[0.161s] Level 1:colcon.colcon_core.package_identification:_identify(src/control) by extension 'colcon_meta'
[0.161s] Level 1:colcon.colcon_core.package_identification:_identify(src/control) by extensions ['ros']
[0.161s] Level 1:colcon.colcon_core.package_identification:_identify(src/control) by extension 'ros'
[0.164s] DEBUG:colcon.colcon_core.package_identification:Package 'src/control' with type 'ros.ament_python' and name 'control'
[0.164s] Level 1:colcon.colcon_core.package_identification:_identify(src/ldlidar_stl_ros2) by extensions ['ignore', 'ignore_ament_install']
[0.164s] Level 1:colcon.colcon_core.package_identification:_identify(src/ldlidar_stl_ros2) by extension 'ignore'
[0.164s] Level 1:colcon.colcon_core.package_identification:_identify(src/ldlidar_stl_ros2) by extension 'ignore_ament_install'
[0.164s] Level 1:colcon.colcon_core.package_identification:_identify(src/ldlidar_stl_ros2) by extensions ['colcon_pkg']
[0.164s] Level 1:colcon.colcon_core.package_identification:_identify(src/ldlidar_stl_ros2) by extension 'colcon_pkg'
[0.164s] Level 1:colcon.colcon_core.package_identification:_identify(src/ldlidar_stl_ros2) by extensions ['colcon_meta']
[0.164s] Level 1:colcon.colcon_core.package_identification:_identify(src/ldlidar_stl_ros2) by extension 'colcon_meta'
[0.164s] Level 1:colcon.colcon_core.package_identification:_identify(src/ldlidar_stl_ros2) by extensions ['ros']
[0.164s] Level 1:colcon.colcon_core.package_identification:_identify(src/ldlidar_stl_ros2) by extension 'ros'
[0.165s] DEBUG:colcon.colcon_core.package_identification:Package 'src/ldlidar_stl_ros2' with type 'ros.ament_cmake' and name 'ldlidar_stl_ros2'
[0.165s] Level 1:colcon.colcon_core.package_identification:_identify(src/robo_pro_description) by extensions ['ignore', 'ignore_ament_install']
[0.165s] Level 1:colcon.colcon_core.package_identification:_identify(src/robo_pro_description) by extension 'ignore'
[0.165s] Level 1:colcon.colcon_core.package_identification:_identify(src/robo_pro_description) by extension 'ignore_ament_install'
[0.165s] Level 1:colcon.colcon_core.package_identification:_identify(src/robo_pro_description) by extensions ['colcon_pkg']
[0.165s] Level 1:colcon.colcon_core.package_identification:_identify(src/robo_pro_description) by extension 'colcon_pkg'
[0.165s] Level 1:colcon.colcon_core.package_identification:_identify(src/robo_pro_description) by extensions ['colcon_meta']
[0.165s] Level 1:colcon.colcon_core.package_identification:_identify(src/robo_pro_description) by extension 'colcon_meta'
[0.165s] Level 1:colcon.colcon_core.package_identification:_identify(src/robo_pro_description) by extensions ['ros']
[0.165s] Level 1:colcon.colcon_core.package_identification:_identify(src/robo_pro_description) by extension 'ros'
[0.166s] DEBUG:colcon.colcon_core.package_identification:Package 'src/robo_pro_description' with type 'ros.ament_cmake' and name 'robo_pro_description'
[0.166s] Level 1:colcon.colcon_core.package_discovery:discover_packages(recursive) using defaults
[0.166s] Level 1:colcon.colcon_core.package_discovery:discover_packages(ignore) discover
[0.166s] Level 1:colcon.colcon_core.package_discovery:discover_packages(ignore) using defaults
[0.166s] Level 1:colcon.colcon_core.package_discovery:discover_packages(path) discover
[0.166s] Level 1:colcon.colcon_core.package_discovery:discover_packages(path) using defaults
[0.185s] Level 1:colcon.colcon_core.package_discovery:discover_packages(prefix_path) check parameters
[0.185s] Level 1:colcon.colcon_core.package_discovery:discover_packages(prefix_path) discover
[0.186s] WARNING:colcon.colcon_ros.prefix_path.ament:The path '/home/essam/mr_ws/install/robo_pro_description' in the environment variable AMENT_PREFIX_PATH doesn't exist
[0.186s] WARNING:colcon.colcon_ros.prefix_path.ament:The path '/home/essam/mr_ws/install/ldlidar_stl_ros2' in the environment variable AMENT_PREFIX_PATH doesn't exist
[0.186s] WARNING:colcon.colcon_ros.prefix_path.ament:The path '/home/essam/mr_ws/install/control' in the environment variable AMENT_PREFIX_PATH doesn't exist
[0.187s] WARNING:colcon.colcon_ros.prefix_path.catkin:The path '/home/essam/mr_ws/install/robo_pro_description' in the environment variable CMAKE_PREFIX_PATH doesn't exist
[0.187s] WARNING:colcon.colcon_ros.prefix_path.catkin:The path '/home/essam/mr_ws/install/ldlidar_stl_ros2' in the environment variable CMAKE_PREFIX_PATH doesn't exist
[0.188s] DEBUG:colcon.colcon_installed_package_information.package_discovery:Found 0 installed packages in /home/essam/mr_ws/install
[0.188s] DEBUG:colcon.colcon_installed_package_information.package_discovery:Found 2 installed packages in /home/essam/microros_ws/install
[0.189s] DEBUG:colcon.colcon_installed_package_information.package_discovery:Found 6 installed packages in /home/essam/ros2_ws/install
[0.189s] DEBUG:colcon.colcon_installed_package_information.package_discovery:Found 2 installed packages in /home/essam/ros2_ws_rg/install
[0.189s] DEBUG:colcon.colcon_installed_package_information.package_discovery:Found 1 installed packages in /home/essam/ros2_ws_t/install
[0.191s] DEBUG:colcon.colcon_installed_package_information.package_discovery:Found 395 installed packages in /opt/ros/humble
[0.192s] Level 1:colcon.colcon_core.package_discovery:discover_packages(prefix_path) using defaults
[0.252s] Level 5:colcon.colcon_core.verb:set package 'control' build argument 'cmake_args' from command line to 'None'
[0.252s] Level 5:colcon.colcon_core.verb:set package 'control' build argument 'cmake_target' from command line to 'None'
[0.252s] Level 5:colcon.colcon_core.verb:set package 'control' build argument 'cmake_target_skip_unavailable' from command line to 'False'
[0.252s] Level 5:colcon.colcon_core.verb:set package 'control' build argument 'cmake_clean_cache' from command line to 'False'
[0.252s] Level 5:colcon.colcon_core.verb:set package 'control' build argument 'cmake_clean_first' from command line to 'False'
[0.252s] Level 5:colcon.colcon_core.verb:set package 'control' build argument 'cmake_force_configure' from command line to 'False'
[0.252s] Level 5:colcon.colcon_core.verb:set package 'control' build argument 'ament_cmake_args' from command line to 'None'
[0.252s] Level 5:colcon.colcon_core.verb:set package 'control' build argument 'catkin_cmake_args' from command line to 'None'
[0.252s] Level 5:colcon.colcon_core.verb:set package 'control' build argument 'catkin_skip_building_tests' from command line to 'False'
[0.252s] DEBUG:colcon.colcon_core.verb:Building package 'control' with the following arguments: {'ament_cmake_args': None, 'build_base': '/home/essam/mr_ws/build/control', 'catkin_cmake_args': None, 'catkin_skip_building_tests': False, 'cmake_args': None, 'cmake_clean_cache': False, 'cmake_clean_first': False, 'cmake_force_configure': False, 'cmake_target': None, 'cmake_target_skip_unavailable': False, 'install_base': '/home/essam/mr_ws/install/control', 'merge_install': False, 'path': '/home/essam/mr_ws/src/control', 'symlink_install': False, 'test_result_base': None}
[0.252s] Level 5:colcon.colcon_core.verb:set package 'ldlidar_stl_ros2' build argument 'cmake_args' from command line to 'None'
[0.252s] Level 5:colcon.colcon_core.verb:set package 'ldlidar_stl_ros2' build argument 'cmake_target' from command line to 'None'
[0.252s] Level 5:colcon.colcon_core.verb:set package 'ldlidar_stl_ros2' build argument 'cmake_target_skip_unavailable' from command line to 'False'
[0.252s] Level 5:colcon.colcon_core.verb:set package 'ldlidar_stl_ros2' build argument 'cmake_clean_cache' from command line to 'False'
[0.252s] Level 5:colcon.colcon_core.verb:set package 'ldlidar_stl_ros2' build argument 'cmake_clean_first' from command line to 'False'
[0.252s] Level 5:colcon.colcon_core.verb:set package 'ldlidar_stl_ros2' build argument 'cmake_force_configure' from command line to 'False'
[0.252s] Level 5:colcon.colcon_core.verb:set package 'ldlidar_stl_ros2' build argument 'ament_cmake_args' from command line to 'None'
[0.252s] Level 5:colcon.colcon_core.verb:set package 'ldlidar_stl_ros2' build argument 'catkin_cmake_args' from command line to 'None'
[0.252s] Level 5:colcon.colcon_core.verb:set package 'ldlidar_stl_ros2' build argument 'catkin_skip_building_tests' from command line to 'False'
[0.252s] DEBUG:colcon.colcon_core.verb:Building package 'ldlidar_stl_ros2' with the following arguments: {'ament_cmake_args': None, 'build_base': '/home/essam/mr_ws/build/ldlidar_stl_ros2', 'catkin_cmake_args': None, 'catkin_skip_building_tests': False, 'cmake_args': None, 'cmake_clean_cache': False, 'cmake_clean_first': False, 'cmake_force_configure': False, 'cmake_target': None, 'cmake_target_skip_unavailable': False, 'install_base': '/home/essam/mr_ws/install/ldlidar_stl_ros2', 'merge_install': False, 'path': '/home/essam/mr_ws/src/ldlidar_stl_ros2', 'symlink_install': False, 'test_result_base': None}
[0.253s] Level 5:colcon.colcon_core.verb:set package 'robo_pro_description' build argument 'cmake_args' from command line to 'None'
[0.253s] Level 5:colcon.colcon_core.verb:set package 'robo_pro_description' build argument 'cmake_target' from command line to 'None'
[0.253s] Level 5:colcon.colcon_core.verb:set package 'robo_pro_description' build argument 'cmake_target_skip_unavailable' from command line to 'False'
[0.253s] Level 5:colcon.colcon_core.verb:set package 'robo_pro_description' build argument 'cmake_clean_cache' from command line to 'False'
[0.253s] Level 5:colcon.colcon_core.verb:set package 'robo_pro_description' build argument 'cmake_clean_first' from command line to 'False'
[0.253s] Level 5:colcon.colcon_core.verb:set package 'robo_pro_description' build argument 'cmake_force_configure' from command line to 'False'
[0.253s] Level 5:colcon.colcon_core.verb:set package 'robo_pro_description' build argument 'ament_cmake_args' from command line to 'None'
[0.253s] Level 5:colcon.colcon_core.verb:set package 'robo_pro_description' build argument 'catkin_cmake_args' from command line to 'None'
[0.253s] Level 5:colcon.colcon_core.verb:set package 'robo_pro_description' build argument 'catkin_skip_building_tests' from command line to 'False'
[0.253s] DEBUG:colcon.colcon_core.verb:Building package 'robo_pro_description' with the following arguments: {'ament_cmake_args': None, 'build_base': '/home/essam/mr_ws/build/robo_pro_description', 'catkin_cmake_args': None, 'catkin_skip_building_tests': False, 'cmake_args': None, 'cmake_clean_cache': False, 'cmake_clean_first': False, 'cmake_force_configure': False, 'cmake_target': None, 'cmake_target_skip_unavailable': False, 'install_base': '/home/essam/mr_ws/install/robo_pro_description', 'merge_install': False, 'path': '/home/essam/mr_ws/src/robo_pro_description', 'symlink_install': False, 'test_result_base': None}
[0.253s] INFO:colcon.colcon_core.executor:Executing jobs using 'parallel' executor
[0.254s] DEBUG:colcon.colcon_parallel_executor.executor.parallel:run_until_complete
[0.255s] INFO:colcon.colcon_ros.task.ament_python.build:Building ROS package in '/home/essam/mr_ws/src/control' with build type 'ament_python'
[0.255s] Level 1:colcon.colcon_core.shell:create_environment_hook('control', 'ament_prefix_path')
[0.257s] INFO:colcon.colcon_core.plugin_system:Skipping extension 'colcon_core.shell.bat': Not used on non-Windows systems
[0.257s] INFO:colcon.colcon_core.shell:Creating environment hook '/home/essam/mr_ws/install/control/share/control/hook/ament_prefix_path.ps1'
[0.258s] INFO:colcon.colcon_core.shell:Creating environment descriptor '/home/essam/mr_ws/install/control/share/control/hook/ament_prefix_path.dsv'
[0.258s] INFO:colcon.colcon_core.shell:Creating environment hook '/home/essam/mr_ws/install/control/share/control/hook/ament_prefix_path.sh'
[0.259s] INFO:colcon.colcon_core.shell:Skip shell extension 'powershell' for command environment: Not usable outside of PowerShell
[0.259s] DEBUG:colcon.colcon_core.shell:Skip shell extension 'dsv' for command environment
[0.264s] INFO:colcon.colcon_ros.task.ament_cmake.build:Building ROS package in '/home/essam/mr_ws/src/ldlidar_stl_ros2' with build type 'ament_cmake'
[0.264s] INFO:colcon.colcon_cmake.task.cmake.build:Building CMake package in '/home/essam/mr_ws/src/ldlidar_stl_ros2'
[0.265s] INFO:colcon.colcon_core.shell:Skip shell extension 'powershell' for command environment: Not usable outside of PowerShell
[0.265s] DEBUG:colcon.colcon_core.shell:Skip shell extension 'dsv' for command environment
[0.490s] INFO:colcon.colcon_core.task.python.build:Building Python package in '/home/essam/mr_ws/src/control'
[0.490s] INFO:colcon.colcon_core.shell:Skip shell extension 'powershell' for command environment: Not usable outside of PowerShell
[0.490s] DEBUG:colcon.colcon_core.shell:Skip shell extension 'dsv' for command environment
[0.499s] DEBUG:colcon.colcon_core.event_handler.log_command:Invoking command in '/home/essam/mr_ws/build/ldlidar_stl_ros2': CMAKE_PREFIX_PATH=${CMAKE_PREFIX_PATH}:/home/essam/mr_ws/install/control:/home/essam/ros2_ws/install/turtlesim_catch_them_all:/home/essam/ros2_ws/install/my_py_pkg:/home/essam/ros2_ws_t/install/project_py:/opt/ros/humble /usr/bin/cmake /home/essam/mr_ws/src/ldlidar_stl_ros2 -DCMAKE_INSTALL_PREFIX=/home/essam/mr_ws/install/ldlidar_stl_ros2
[1.274s] DEBUG:colcon.colcon_core.event_handler.log_command:Invoking command in '/home/essam/mr_ws/src/control': PYTHONPATH=/home/essam/mr_ws/build/control/prefix_override:/usr/lib/python3/dist-packages/colcon_core/task/python/colcon_distutils_commands:/home/essam/mr_ws/install/control/lib/python3.10/site-packages:${PYTHONPATH} /usr/bin/python3 -W ignore:setup.py install is deprecated -W ignore:easy_install command is deprecated setup.py egg_info --egg-base ../../build/control build --build-base /home/essam/mr_ws/build/control/build install --record /home/essam/mr_ws/build/control/install.log --single-version-externally-managed install_data
[1.775s] DEBUG:colcon.colcon_core.event_handler.log_command:Invoked command in '/home/essam/mr_ws/src/control' returned '0': PYTHONPATH=/home/essam/mr_ws/build/control/prefix_override:/usr/lib/python3/dist-packages/colcon_core/task/python/colcon_distutils_commands:/home/essam/mr_ws/install/control/lib/python3.10/site-packages:${PYTHONPATH} /usr/bin/python3 -W ignore:setup.py install is deprecated -W ignore:easy_install command is deprecated setup.py egg_info --egg-base ../../build/control build --build-base /home/essam/mr_ws/build/control/build install --record /home/essam/mr_ws/build/control/install.log --single-version-externally-managed install_data
[1.777s] Level 1:colcon.colcon_core.environment:checking '/home/essam/mr_ws/install/control' for CMake module files
[1.778s] Level 1:colcon.colcon_core.environment:checking '/home/essam/mr_ws/install/control' for CMake config files
[1.779s] Level 1:colcon.colcon_core.environment:checking '/home/essam/mr_ws/install/control/lib'
[1.779s] Level 1:colcon.colcon_core.environment:checking '/home/essam/mr_ws/install/control/bin'
[1.779s] Level 1:colcon.colcon_core.environment:checking '/home/essam/mr_ws/install/control/lib/pkgconfig/control.pc'
[1.779s] Level 1:colcon.colcon_core.environment:checking '/home/essam/mr_ws/install/control/lib/python3.10/site-packages'
[1.779s] Level 1:colcon.colcon_core.shell:create_environment_hook('control', 'pythonpath')
[1.779s] INFO:colcon.colcon_core.shell:Creating environment hook '/home/essam/mr_ws/install/control/share/control/hook/pythonpath.ps1'
[1.780s] INFO:colcon.colcon_core.shell:Creating environment descriptor '/home/essam/mr_ws/install/control/share/control/hook/pythonpath.dsv'
[1.780s] INFO:colcon.colcon_core.shell:Creating environment hook '/home/essam/mr_ws/install/control/share/control/hook/pythonpath.sh'
[1.780s] Level 1:colcon.colcon_core.environment:checking '/home/essam/mr_ws/install/control/bin'
[1.780s] Level 1:colcon.colcon_core.environment:create_environment_scripts_only(control)
[1.781s] INFO:colcon.colcon_core.shell:Creating package script '/home/essam/mr_ws/install/control/share/control/package.ps1'
[1.782s] INFO:colcon.colcon_core.shell:Creating package descriptor '/home/essam/mr_ws/install/control/share/control/package.dsv'
[1.782s] INFO:colcon.colcon_core.shell:Creating package script '/home/essam/mr_ws/install/control/share/control/package.sh'
[1.783s] INFO:colcon.colcon_core.shell:Creating package script '/home/essam/mr_ws/install/control/share/control/package.bash'
[1.784s] INFO:colcon.colcon_core.shell:Creating package script '/home/essam/mr_ws/install/control/share/control/package.zsh'
[1.785s] Level 1:colcon.colcon_core.environment:create_file_with_runtime_dependencies(/home/essam/mr_ws/install/control/share/colcon-core/packages/control)
[2.069s] DEBUG:colcon.colcon_core.event_handler.log_command:Invoked command in '/home/essam/mr_ws/build/ldlidar_stl_ros2' returned '0': CMAKE_PREFIX_PATH=${CMAKE_PREFIX_PATH}:/home/essam/mr_ws/install/control:/home/essam/ros2_ws/install/turtlesim_catch_them_all:/home/essam/ros2_ws/install/my_py_pkg:/home/essam/ros2_ws_t/install/project_py:/opt/ros/humble /usr/bin/cmake /home/essam/mr_ws/src/ldlidar_stl_ros2 -DCMAKE_INSTALL_PREFIX=/home/essam/mr_ws/install/ldlidar_stl_ros2
[2.071s] DEBUG:colcon.colcon_core.event_handler.log_command:Invoking command in '/home/essam/mr_ws/build/ldlidar_stl_ros2': CMAKE_PREFIX_PATH=${CMAKE_PREFIX_PATH}:/home/essam/mr_ws/install/control:/home/essam/ros2_ws/install/turtlesim_catch_them_all:/home/essam/ros2_ws/install/my_py_pkg:/home/essam/ros2_ws_t/install/project_py:/opt/ros/humble /usr/bin/cmake --build /home/essam/mr_ws/build/ldlidar_stl_ros2 -- -j12 -l12
[6.969s] DEBUG:colcon.colcon_core.event_handler.log_command:Invoked command in '/home/essam/mr_ws/build/ldlidar_stl_ros2' returned '0': CMAKE_PREFIX_PATH=${CMAKE_PREFIX_PATH}:/home/essam/mr_ws/install/control:/home/essam/ros2_ws/install/turtlesim_catch_them_all:/home/essam/ros2_ws/install/my_py_pkg:/home/essam/ros2_ws_t/install/project_py:/opt/ros/humble /usr/bin/cmake --build /home/essam/mr_ws/build/ldlidar_stl_ros2 -- -j12 -l12
[6.980s] DEBUG:colcon.colcon_core.event_handler.log_command:Invoking command in '/home/essam/mr_ws/build/ldlidar_stl_ros2': CMAKE_PREFIX_PATH=${CMAKE_PREFIX_PATH}:/home/essam/mr_ws/install/control:/home/essam/ros2_ws/install/turtlesim_catch_them_all:/home/essam/ros2_ws/install/my_py_pkg:/home/essam/ros2_ws_t/install/project_py:/opt/ros/humble /usr/bin/cmake --install /home/essam/mr_ws/build/ldlidar_stl_ros2
[6.995s] Level 1:colcon.colcon_core.environment:create_environment_scripts_only(ldlidar_stl_ros2)
[6.995s] Level 1:colcon.colcon_core.environment:checking '/home/essam/mr_ws/install/ldlidar_stl_ros2' for CMake module files
[6.996s] DEBUG:colcon.colcon_core.event_handler.log_command:Invoked command in '/home/essam/mr_ws/build/ldlidar_stl_ros2' returned '0': CMAKE_PREFIX_PATH=${CMAKE_PREFIX_PATH}:/home/essam/mr_ws/install/control:/home/essam/ros2_ws/install/turtlesim_catch_them_all:/home/essam/ros2_ws/install/my_py_pkg:/home/essam/ros2_ws_t/install/project_py:/opt/ros/humble /usr/bin/cmake --install /home/essam/mr_ws/build/ldlidar_stl_ros2
[6.996s] Level 1:colcon.colcon_core.environment:checking '/home/essam/mr_ws/install/ldlidar_stl_ros2' for CMake config files
[6.996s] Level 1:colcon.colcon_core.shell:create_environment_hook('ldlidar_stl_ros2', 'cmake_prefix_path')
[6.997s] INFO:colcon.colcon_core.shell:Creating environment hook '/home/essam/mr_ws/install/ldlidar_stl_ros2/share/ldlidar_stl_ros2/hook/cmake_prefix_path.ps1'
[6.997s] INFO:colcon.colcon_core.shell:Creating environment descriptor '/home/essam/mr_ws/install/ldlidar_stl_ros2/share/ldlidar_stl_ros2/hook/cmake_prefix_path.dsv'
[6.998s] INFO:colcon.colcon_core.shell:Creating environment hook '/home/essam/mr_ws/install/ldlidar_stl_ros2/share/ldlidar_stl_ros2/hook/cmake_prefix_path.sh'
[6.998s] Level 1:colcon.colcon_core.environment:checking '/home/essam/mr_ws/install/ldlidar_stl_ros2/lib'
[6.999s] Level 1:colcon.colcon_core.environment:checking '/home/essam/mr_ws/install/ldlidar_stl_ros2/bin'
[6.999s] Level 1:colcon.colcon_core.environment:checking '/home/essam/mr_ws/install/ldlidar_stl_ros2/lib/pkgconfig/ldlidar_stl_ros2.pc'
[6.999s] Level 1:colcon.colcon_core.environment:checking '/home/essam/mr_ws/install/ldlidar_stl_ros2/lib/python3.10/site-packages'
[6.999s] Level 1:colcon.colcon_core.environment:checking '/home/essam/mr_ws/install/ldlidar_stl_ros2/bin'
[6.999s] INFO:colcon.colcon_core.shell:Creating package script '/home/essam/mr_ws/install/ldlidar_stl_ros2/share/ldlidar_stl_ros2/package.ps1'
[7.000s] INFO:colcon.colcon_core.shell:Creating package descriptor '/home/essam/mr_ws/install/ldlidar_stl_ros2/share/ldlidar_stl_ros2/package.dsv'
[7.000s] INFO:colcon.colcon_core.shell:Creating package script '/home/essam/mr_ws/install/ldlidar_stl_ros2/share/ldlidar_stl_ros2/package.sh'
[7.001s] INFO:colcon.colcon_core.shell:Creating package script '/home/essam/mr_ws/install/ldlidar_stl_ros2/share/ldlidar_stl_ros2/package.bash'
[7.001s] INFO:colcon.colcon_core.shell:Creating package script '/home/essam/mr_ws/install/ldlidar_stl_ros2/share/ldlidar_stl_ros2/package.zsh'
[7.001s] Level 1:colcon.colcon_core.environment:create_file_with_runtime_dependencies(/home/essam/mr_ws/install/ldlidar_stl_ros2/share/colcon-core/packages/ldlidar_stl_ros2)
[7.002s] Level 1:colcon.colcon_core.environment:create_environment_scripts_only(ldlidar_stl_ros2)
[7.002s] Level 1:colcon.colcon_core.environment:checking '/home/essam/mr_ws/install/ldlidar_stl_ros2' for CMake module files
[7.002s] Level 1:colcon.colcon_core.environment:checking '/home/essam/mr_ws/install/ldlidar_stl_ros2' for CMake config files
[7.003s] Level 1:colcon.colcon_core.shell:create_environment_hook('ldlidar_stl_ros2', 'cmake_prefix_path')
[7.003s] INFO:colcon.colcon_core.shell:Creating environment hook '/home/essam/mr_ws/install/ldlidar_stl_ros2/share/ldlidar_stl_ros2/hook/cmake_prefix_path.ps1'
[7.003s] INFO:colcon.colcon_core.shell:Creating environment descriptor '/home/essam/mr_ws/install/ldlidar_stl_ros2/share/ldlidar_stl_ros2/hook/cmake_prefix_path.dsv'
[7.004s] INFO:colcon.colcon_core.shell:Creating environment hook '/home/essam/mr_ws/install/ldlidar_stl_ros2/share/ldlidar_stl_ros2/hook/cmake_prefix_path.sh'
[7.004s] Level 1:colcon.colcon_core.environment:checking '/home/essam/mr_ws/install/ldlidar_stl_ros2/lib'
[7.004s] Level 1:colcon.colcon_core.environment:checking '/home/essam/mr_ws/install/ldlidar_stl_ros2/bin'
[7.004s] Level 1:colcon.colcon_core.environment:checking '/home/essam/mr_ws/install/ldlidar_stl_ros2/lib/pkgconfig/ldlidar_stl_ros2.pc'
[7.004s] Level 1:colcon.colcon_core.environment:checking '/home/essam/mr_ws/install/ldlidar_stl_ros2/lib/python3.10/site-packages'
[7.005s] Level 1:colcon.colcon_core.environment:checking '/home/essam/mr_ws/install/ldlidar_stl_ros2/bin'
[7.005s] INFO:colcon.colcon_core.shell:Creating package script '/home/essam/mr_ws/install/ldlidar_stl_ros2/share/ldlidar_stl_ros2/package.ps1'
[7.013s] INFO:colcon.colcon_core.shell:Creating package descriptor '/home/essam/mr_ws/install/ldlidar_stl_ros2/share/ldlidar_stl_ros2/package.dsv'
[7.014s] INFO:colcon.colcon_core.shell:Creating package script '/home/essam/mr_ws/install/ldlidar_stl_ros2/share/ldlidar_stl_ros2/package.sh'
[7.014s] INFO:colcon.colcon_core.shell:Creating package script '/home/essam/mr_ws/install/ldlidar_stl_ros2/share/ldlidar_stl_ros2/package.bash'
[7.014s] INFO:colcon.colcon_core.shell:Creating package script '/home/essam/mr_ws/install/ldlidar_stl_ros2/share/ldlidar_stl_ros2/package.zsh'
[7.015s] Level 1:colcon.colcon_core.environment:create_file_with_runtime_dependencies(/home/essam/mr_ws/install/ldlidar_stl_ros2/share/colcon-core/packages/ldlidar_stl_ros2)
[7.015s] INFO:colcon.colcon_ros.task.ament_cmake.build:Building ROS package in '/home/essam/mr_ws/src/robo_pro_description' with build type 'ament_cmake'
[7.015s] INFO:colcon.colcon_cmake.task.cmake.build:Building CMake package in '/home/essam/mr_ws/src/robo_pro_description'
[7.015s] INFO:colcon.colcon_core.shell:Skip shell extension 'powershell' for command environment: Not usable outside of PowerShell
[7.015s] DEBUG:colcon.colcon_core.shell:Skip shell extension 'dsv' for command environment
[7.028s] DEBUG:colcon.colcon_core.event_handler.log_command:Invoking command in '/home/essam/mr_ws/build/robo_pro_description': AMENT_PREFIX_PATH=/home/essam/mr_ws/install/control:/home/essam/mr_ws/install/robo_pro_description:/home/essam/mr_ws/install/ldlidar_stl_ros2:/home/essam/ros2_ws/install/my_robot_bringup:/home/essam/ros2_ws/install/turtlesim_catch_them_all:/home/essam/ros2_ws/install/my_py_pkg:/home/essam/ros2_ws/install/my_robot_interfaces:/home/essam/ros2_ws/install/my_cpp_pkg:/home/essam/ros2_ws/install/micro_ros_agent:/home/essam/microros_ws/install/robo_interfaces:/home/essam/microros_ws/install/micro_ros_setup:/home/essam/ros2_ws_rg/install/my_robot_bringup_rg:/home/essam/ros2_ws_rg/install/my_robot_description:/home/essam/ros2_ws_t/install/project_py:/opt/ros/humble CMAKE_PREFIX_PATH=/home/essam/mr_ws/install/ldlidar_stl_ros2:/home/essam/mr_ws/install/robo_pro_description:/home/essam/ros2_ws/install/my_robot_bringup:/home/essam/ros2_ws/install/my_robot_interfaces:/home/essam/ros2_ws/install/my_cpp_pkg:/home/essam/ros2_ws/install/micro_ros_agent:/home/essam/microros_ws/install/robo_interfaces:/home/essam/microros_ws/install/micro_ros_setup:/home/essam/ros2_ws_rg/install/my_robot_bringup_rg:/home/essam/ros2_ws_rg/install/my_robot_description:/home/essam/mr_ws/install/control:/home/essam/ros2_ws/install/turtlesim_catch_them_all:/home/essam/ros2_ws/install/my_py_pkg:/home/essam/ros2_ws_t/install/project_py:/opt/ros/humble /usr/bin/cmake /home/essam/mr_ws/src/robo_pro_description -DCMAKE_INSTALL_PREFIX=/home/essam/mr_ws/install/robo_pro_description
[7.953s] DEBUG:colcon.colcon_core.event_handler.log_command:Invoked command in '/home/essam/mr_ws/build/robo_pro_description' returned '0': AMENT_PREFIX_PATH=/home/essam/mr_ws/install/control:/home/essam/mr_ws/install/robo_pro_description:/home/essam/mr_ws/install/ldlidar_stl_ros2:/home/essam/ros2_ws/install/my_robot_bringup:/home/essam/ros2_ws/install/turtlesim_catch_them_all:/home/essam/ros2_ws/install/my_py_pkg:/home/essam/ros2_ws/install/my_robot_interfaces:/home/essam/ros2_ws/install/my_cpp_pkg:/home/essam/ros2_ws/install/micro_ros_agent:/home/essam/microros_ws/install/robo_interfaces:/home/essam/microros_ws/install/micro_ros_setup:/home/essam/ros2_ws_rg/install/my_robot_bringup_rg:/home/essam/ros2_ws_rg/install/my_robot_description:/home/essam/ros2_ws_t/install/project_py:/opt/ros/humble CMAKE_PREFIX_PATH=/home/essam/mr_ws/install/ldlidar_stl_ros2:/home/essam/mr_ws/install/robo_pro_description:/home/essam/ros2_ws/install/my_robot_bringup:/home/essam/ros2_ws/install/my_robot_interfaces:/home/essam/ros2_ws/install/my_cpp_pkg:/home/essam/ros2_ws/install/micro_ros_agent:/home/essam/microros_ws/install/robo_interfaces:/home/essam/microros_ws/install/micro_ros_setup:/home/essam/ros2_ws_rg/install/my_robot_bringup_rg:/home/essam/ros2_ws_rg/install/my_robot_description:/home/essam/mr_ws/install/control:/home/essam/ros2_ws/install/turtlesim_catch_them_all:/home/essam/ros2_ws/install/my_py_pkg:/home/essam/ros2_ws_t/install/project_py:/opt/ros/humble /usr/bin/cmake /home/essam/mr_ws/src/robo_pro_description -DCMAKE_INSTALL_PREFIX=/home/essam/mr_ws/install/robo_pro_description
[7.953s] DEBUG:colcon.colcon_core.event_handler.log_command:Invoking command in '/home/essam/mr_ws/build/robo_pro_description': AMENT_PREFIX_PATH=/home/essam/mr_ws/install/control:/home/essam/mr_ws/install/robo_pro_description:/home/essam/mr_ws/install/ldlidar_stl_ros2:/home/essam/ros2_ws/install/my_robot_bringup:/home/essam/ros2_ws/install/turtlesim_catch_them_all:/home/essam/ros2_ws/install/my_py_pkg:/home/essam/ros2_ws/install/my_robot_interfaces:/home/essam/ros2_ws/install/my_cpp_pkg:/home/essam/ros2_ws/install/micro_ros_agent:/home/essam/microros_ws/install/robo_interfaces:/home/essam/microros_ws/install/micro_ros_setup:/home/essam/ros2_ws_rg/install/my_robot_bringup_rg:/home/essam/ros2_ws_rg/install/my_robot_description:/home/essam/ros2_ws_t/install/project_py:/opt/ros/humble CMAKE_PREFIX_PATH=/home/essam/mr_ws/install/ldlidar_stl_ros2:/home/essam/mr_ws/install/robo_pro_description:/home/essam/ros2_ws/install/my_robot_bringup:/home/essam/ros2_ws/install/my_robot_interfaces:/home/essam/ros2_ws/install/my_cpp_pkg:/home/essam/ros2_ws/install/micro_ros_agent:/home/essam/microros_ws/install/robo_interfaces:/home/essam/microros_ws/install/micro_ros_setup:/home/essam/ros2_ws_rg/install/my_robot_bringup_rg:/home/essam/ros2_ws_rg/install/my_robot_description:/home/essam/mr_ws/install/control:/home/essam/ros2_ws/install/turtlesim_catch_them_all:/home/essam/ros2_ws/install/my_py_pkg:/home/essam/ros2_ws_t/install/project_py:/opt/ros/humble /usr/bin/cmake --build /home/essam/mr_ws/build/robo_pro_description -- -j12 -l12
[7.996s] DEBUG:colcon.colcon_core.event_handler.log_command:Invoked command in '/home/essam/mr_ws/build/robo_pro_description' returned '0': AMENT_PREFIX_PATH=/home/essam/mr_ws/install/control:/home/essam/mr_ws/install/robo_pro_description:/home/essam/mr_ws/install/ldlidar_stl_ros2:/home/essam/ros2_ws/install/my_robot_bringup:/home/essam/ros2_ws/install/turtlesim_catch_them_all:/home/essam/ros2_ws/install/my_py_pkg:/home/essam/ros2_ws/install/my_robot_interfaces:/home/essam/ros2_ws/install/my_cpp_pkg:/home/essam/ros2_ws/install/micro_ros_agent:/home/essam/microros_ws/install/robo_interfaces:/home/essam/microros_ws/install/micro_ros_setup:/home/essam/ros2_ws_rg/install/my_robot_bringup_rg:/home/essam/ros2_ws_rg/install/my_robot_description:/home/essam/ros2_ws_t/install/project_py:/opt/ros/humble CMAKE_PREFIX_PATH=/home/essam/mr_ws/install/ldlidar_stl_ros2:/home/essam/mr_ws/install/robo_pro_description:/home/essam/ros2_ws/install/my_robot_bringup:/home/essam/ros2_ws/install/my_robot_interfaces:/home/essam/ros2_ws/install/my_cpp_pkg:/home/essam/ros2_ws/install/micro_ros_agent:/home/essam/microros_ws/install/robo_interfaces:/home/essam/microros_ws/install/micro_ros_setup:/home/essam/ros2_ws_rg/install/my_robot_bringup_rg:/home/essam/ros2_ws_rg/install/my_robot_description:/home/essam/mr_ws/install/control:/home/essam/ros2_ws/install/turtlesim_catch_them_all:/home/essam/ros2_ws/install/my_py_pkg:/home/essam/ros2_ws_t/install/project_py:/opt/ros/humble /usr/bin/cmake --build /home/essam/mr_ws/build/robo_pro_description -- -j12 -l12
[7.998s] DEBUG:colcon.colcon_core.event_handler.log_command:Invoking command in '/home/essam/mr_ws/build/robo_pro_description': AMENT_PREFIX_PATH=/home/essam/mr_ws/install/control:/home/essam/mr_ws/install/robo_pro_description:/home/essam/mr_ws/install/ldlidar_stl_ros2:/home/essam/ros2_ws/install/my_robot_bringup:/home/essam/ros2_ws/install/turtlesim_catch_them_all:/home/essam/ros2_ws/install/my_py_pkg:/home/essam/ros2_ws/install/my_robot_interfaces:/home/essam/ros2_ws/install/my_cpp_pkg:/home/essam/ros2_ws/install/micro_ros_agent:/home/essam/microros_ws/install/robo_interfaces:/home/essam/microros_ws/install/micro_ros_setup:/home/essam/ros2_ws_rg/install/my_robot_bringup_rg:/home/essam/ros2_ws_rg/install/my_robot_description:/home/essam/ros2_ws_t/install/project_py:/opt/ros/humble CMAKE_PREFIX_PATH=/home/essam/mr_ws/install/ldlidar_stl_ros2:/home/essam/mr_ws/install/robo_pro_description:/home/essam/ros2_ws/install/my_robot_bringup:/home/essam/ros2_ws/install/my_robot_interfaces:/home/essam/ros2_ws/install/my_cpp_pkg:/home/essam/ros2_ws/install/micro_ros_agent:/home/essam/microros_ws/install/robo_interfaces:/home/essam/microros_ws/install/micro_ros_setup:/home/essam/ros2_ws_rg/install/my_robot_bringup_rg:/home/essam/ros2_ws_rg/install/my_robot_description:/home/essam/mr_ws/install/control:/home/essam/ros2_ws/install/turtlesim_catch_them_all:/home/essam/ros2_ws/install/my_py_pkg:/home/essam/ros2_ws_t/install/project_py:/opt/ros/humble /usr/bin/cmake --install /home/essam/mr_ws/build/robo_pro_description
[8.014s] Level 1:colcon.colcon_core.environment:create_environment_scripts_only(robo_pro_description)
[8.015s] Level 1:colcon.colcon_core.environment:checking '/home/essam/mr_ws/install/robo_pro_description' for CMake module files
[8.015s] DEBUG:colcon.colcon_core.event_handler.log_command:Invoked command in '/home/essam/mr_ws/build/robo_pro_description' returned '0': AMENT_PREFIX_PATH=/home/essam/mr_ws/install/control:/home/essam/mr_ws/install/robo_pro_description:/home/essam/mr_ws/install/ldlidar_stl_ros2:/home/essam/ros2_ws/install/my_robot_bringup:/home/essam/ros2_ws/install/turtlesim_catch_them_all:/home/essam/ros2_ws/install/my_py_pkg:/home/essam/ros2_ws/install/my_robot_interfaces:/home/essam/ros2_ws/install/my_cpp_pkg:/home/essam/ros2_ws/install/micro_ros_agent:/home/essam/microros_ws/install/robo_interfaces:/home/essam/microros_ws/install/micro_ros_setup:/home/essam/ros2_ws_rg/install/my_robot_bringup_rg:/home/essam/ros2_ws_rg/install/my_robot_description:/home/essam/ros2_ws_t/install/project_py:/opt/ros/humble CMAKE_PREFIX_PATH=/home/essam/mr_ws/install/ldlidar_stl_ros2:/home/essam/mr_ws/install/robo_pro_description:/home/essam/ros2_ws/install/my_robot_bringup:/home/essam/ros2_ws/install/my_robot_interfaces:/home/essam/ros2_ws/install/my_cpp_pkg:/home/essam/ros2_ws/install/micro_ros_agent:/home/essam/microros_ws/install/robo_interfaces:/home/essam/microros_ws/install/micro_ros_setup:/home/essam/ros2_ws_rg/install/my_robot_bringup_rg:/home/essam/ros2_ws_rg/install/my_robot_description:/home/essam/mr_ws/install/control:/home/essam/ros2_ws/install/turtlesim_catch_them_all:/home/essam/ros2_ws/install/my_py_pkg:/home/essam/ros2_ws_t/install/project_py:/opt/ros/humble /usr/bin/cmake --install /home/essam/mr_ws/build/robo_pro_description
[8.016s] Level 1:colcon.colcon_core.environment:checking '/home/essam/mr_ws/install/robo_pro_description' for CMake config files
[8.016s] Level 1:colcon.colcon_core.shell:create_environment_hook('robo_pro_description', 'cmake_prefix_path')
[8.016s] INFO:colcon.colcon_core.shell:Creating environment hook '/home/essam/mr_ws/install/robo_pro_description/share/robo_pro_description/hook/cmake_prefix_path.ps1'
[8.017s] INFO:colcon.colcon_core.shell:Creating environment descriptor '/home/essam/mr_ws/install/robo_pro_description/share/robo_pro_description/hook/cmake_prefix_path.dsv'
[8.017s] INFO:colcon.colcon_core.shell:Creating environment hook '/home/essam/mr_ws/install/robo_pro_description/share/robo_pro_description/hook/cmake_prefix_path.sh'
[8.017s] Level 1:colcon.colcon_core.environment:checking '/home/essam/mr_ws/install/robo_pro_description/bin'
[8.017s] Level 1:colcon.colcon_core.environment:checking '/home/essam/mr_ws/install/robo_pro_description/lib/pkgconfig/robo_pro_description.pc'
[8.018s] Level 1:colcon.colcon_core.environment:checking '/home/essam/mr_ws/install/robo_pro_description/lib/python3.10/site-packages'
[8.018s] Level 1:colcon.colcon_core.environment:checking '/home/essam/mr_ws/install/robo_pro_description/bin'
[8.018s] INFO:colcon.colcon_core.shell:Creating package script '/home/essam/mr_ws/install/robo_pro_description/share/robo_pro_description/package.ps1'
[8.019s] INFO:colcon.colcon_core.shell:Creating package descriptor '/home/essam/mr_ws/install/robo_pro_description/share/robo_pro_description/package.dsv'
[8.019s] INFO:colcon.colcon_core.shell:Creating package script '/home/essam/mr_ws/install/robo_pro_description/share/robo_pro_description/package.sh'
[8.020s] INFO:colcon.colcon_core.shell:Creating package script '/home/essam/mr_ws/install/robo_pro_description/share/robo_pro_description/package.bash'
[8.020s] INFO:colcon.colcon_core.shell:Creating package script '/home/essam/mr_ws/install/robo_pro_description/share/robo_pro_description/package.zsh'
[8.020s] Level 1:colcon.colcon_core.environment:create_file_with_runtime_dependencies(/home/essam/mr_ws/install/robo_pro_description/share/colcon-core/packages/robo_pro_description)
[8.021s] Level 1:colcon.colcon_core.environment:create_environment_scripts_only(robo_pro_description)
[8.021s] Level 1:colcon.colcon_core.environment:checking '/home/essam/mr_ws/install/robo_pro_description' for CMake module files
[8.022s] Level 1:colcon.colcon_core.environment:checking '/home/essam/mr_ws/install/robo_pro_description' for CMake config files
[8.022s] Level 1:colcon.colcon_core.shell:create_environment_hook('robo_pro_description', 'cmake_prefix_path')
[8.022s] INFO:colcon.colcon_core.shell:Creating environment hook '/home/essam/mr_ws/install/robo_pro_description/share/robo_pro_description/hook/cmake_prefix_path.ps1'
[8.023s] INFO:colcon.colcon_core.shell:Creating environment descriptor '/home/essam/mr_ws/install/robo_pro_description/share/robo_pro_description/hook/cmake_prefix_path.dsv'
[8.023s] INFO:colcon.colcon_core.shell:Creating environment hook '/home/essam/mr_ws/install/robo_pro_description/share/robo_pro_description/hook/cmake_prefix_path.sh'
[8.024s] Level 1:colcon.colcon_core.environment:checking '/home/essam/mr_ws/install/robo_pro_description/bin'
[8.024s] Level 1:colcon.colcon_core.environment:checking '/home/essam/mr_ws/install/robo_pro_description/lib/pkgconfig/robo_pro_description.pc'
[8.024s] Level 1:colcon.colcon_core.environment:checking '/home/essam/mr_ws/install/robo_pro_description/lib/python3.10/site-packages'
[8.024s] Level 1:colcon.colcon_core.environment:checking '/home/essam/mr_ws/install/robo_pro_description/bin'
[8.025s] INFO:colcon.colcon_core.shell:Creating package script '/home/essam/mr_ws/install/robo_pro_description/share/robo_pro_description/package.ps1'
[8.025s] INFO:colcon.colcon_core.shell:Creating package descriptor '/home/essam/mr_ws/install/robo_pro_description/share/robo_pro_description/package.dsv'
[8.026s] INFO:colcon.colcon_core.shell:Creating package script '/home/essam/mr_ws/install/robo_pro_description/share/robo_pro_description/package.sh'
[8.026s] INFO:colcon.colcon_core.shell:Creating package script '/home/essam/mr_ws/install/robo_pro_description/share/robo_pro_description/package.bash'
[8.026s] INFO:colcon.colcon_core.shell:Creating package script '/home/essam/mr_ws/install/robo_pro_description/share/robo_pro_description/package.zsh'
[8.027s] Level 1:colcon.colcon_core.environment:create_file_with_runtime_dependencies(/home/essam/mr_ws/install/robo_pro_description/share/colcon-core/packages/robo_pro_description)
[8.027s] DEBUG:colcon.colcon_parallel_executor.executor.parallel:closing loop
[8.027s] DEBUG:colcon.colcon_parallel_executor.executor.parallel:loop closed
[8.027s] DEBUG:colcon.colcon_parallel_executor.executor.parallel:run_until_complete finished with '0'
[8.027s] DEBUG:colcon.colcon_core.event_reactor:joining thread
[8.034s] INFO:colcon.colcon_core.plugin_system:Skipping extension 'colcon_notification.desktop_notification.terminal_notifier': Not used on non-Darwin systems
[8.034s] INFO:colcon.colcon_core.plugin_system:Skipping extension 'colcon_notification.desktop_notification.win32': Not used on non-Windows systems
[8.035s] INFO:colcon.colcon_notification.desktop_notification:Sending desktop notification using 'notify2'
[8.047s] DEBUG:colcon.colcon_core.event_reactor:joined thread
[8.048s] INFO:colcon.colcon_core.shell:Creating prefix script '/home/essam/mr_ws/install/local_setup.ps1'
[8.049s] INFO:colcon.colcon_core.shell:Creating prefix util module '/home/essam/mr_ws/install/_local_setup_util_ps1.py'
[8.050s] INFO:colcon.colcon_core.shell:Creating prefix chain script '/home/essam/mr_ws/install/setup.ps1'
[8.052s] INFO:colcon.colcon_core.shell:Creating prefix script '/home/essam/mr_ws/install/local_setup.sh'
[8.053s] INFO:colcon.colcon_core.shell:Creating prefix util module '/home/essam/mr_ws/install/_local_setup_util_sh.py'
[8.054s] INFO:colcon.colcon_core.shell:Creating prefix chain script '/home/essam/mr_ws/install/setup.sh'
[8.056s] INFO:colcon.colcon_core.shell:Creating prefix script '/home/essam/mr_ws/install/local_setup.bash'
[8.056s] INFO:colcon.colcon_core.shell:Creating prefix chain script '/home/essam/mr_ws/install/setup.bash'
[8.058s] INFO:colcon.colcon_core.shell:Creating prefix script '/home/essam/mr_ws/install/local_setup.zsh'
[8.058s] INFO:colcon.colcon_core.shell:Creating prefix chain script '/home/essam/mr_ws/install/setup.zsh'
