running egg_info
writing ../../build/control/control.egg-info/PKG-INFO
writing dependency_links to ../../build/control/control.egg-info/dependency_links.txt
writing entry points to ../../build/control/control.egg-info/entry_points.txt
writing requirements to ../../build/control/control.egg-info/requires.txt
writing top-level names to ../../build/control/control.egg-info/top_level.txt
reading manifest file '../../build/control/control.egg-info/SOURCES.txt'
writing manifest file '../../build/control/control.egg-info/SOURCES.txt'
running build
running build_py
copying control/functions.py -> /home/essam/mr_ws/build/control/build/lib/control
copying control/fake_odom_publisher.py -> /home/essam/mr_ws/build/control/build/lib/control
copying control/odom_node.py -> /home/essam/mr_ws/build/control/build/lib/control
copying control/logic.py -> /home/essam/mr_ws/build/control/build/lib/control
copying control/encoder_speed_node.py -> /home/essam/mr_ws/build/control/build/lib/control
copying control/__init__.py -> /home/essam/mr_ws/build/control/build/lib/control
running install
running install_lib
copying /home/essam/mr_ws/build/control/build/lib/control/odom_node.py -> /home/essam/mr_ws/install/control/lib/python3.10/site-packages/control
copying /home/essam/mr_ws/build/control/build/lib/control/logic.py -> /home/essam/mr_ws/install/control/lib/python3.10/site-packages/control
byte-compiling /home/essam/mr_ws/install/control/lib/python3.10/site-packages/control/odom_node.py to odom_node.cpython-310.pyc
byte-compiling /home/essam/mr_ws/install/control/lib/python3.10/site-packages/control/logic.py to logic.cpython-310.pyc
running install_data
copying resource/control -> /home/essam/mr_ws/install/control/share/ament_index/resource_index/packages
copying package.xml -> /home/essam/mr_ws/install/control/share/control
running install_egg_info
removing '/home/essam/mr_ws/install/control/lib/python3.10/site-packages/control-0.0.0-py3.10.egg-info' (and everything under it)
Copying ../../build/control/control.egg-info to /home/essam/mr_ws/install/control/lib/python3.10/site-packages/control-0.0.0-py3.10.egg-info
running install_scripts
Installing encoder_speed_node script to /home/essam/mr_ws/install/control/lib/control
Installing fake_odom_publisher script to /home/essam/mr_ws/install/control/lib/control
Installing functions script to /home/essam/mr_ws/install/control/lib/control
Installing logic script to /home/essam/mr_ws/install/control/lib/control
Installing odom_node script to /home/essam/mr_ws/install/control/lib/control
writing list of installed files to '/home/essam/mr_ws/build/control/install.log'
