[0.011s] Invoking command in '/home/essam/mr_ws/build/robo_pro_description': AMENT_PREFIX_PATH=/home/essam/mr_ws/install/control:/home/essam/mr_ws/install/robo_pro_description:/home/essam/mr_ws/install/ldlidar_stl_ros2:/home/essam/ros2_ws/install/my_robot_bringup:/home/essam/ros2_ws/install/turtlesim_catch_them_all:/home/essam/ros2_ws/install/my_py_pkg:/home/essam/ros2_ws/install/my_robot_interfaces:/home/essam/ros2_ws/install/my_cpp_pkg:/home/essam/ros2_ws/install/micro_ros_agent:/home/essam/microros_ws/install/robo_interfaces:/home/essam/microros_ws/install/micro_ros_setup:/home/essam/ros2_ws_rg/install/my_robot_bringup_rg:/home/essam/ros2_ws_rg/install/my_robot_description:/home/essam/ros2_ws_t/install/project_py:/opt/ros/humble CMAKE_PREFIX_PATH=/home/essam/mr_ws/install/ldlidar_stl_ros2:/home/essam/mr_ws/install/robo_pro_description:/home/essam/ros2_ws/install/my_robot_bringup:/home/essam/ros2_ws/install/my_robot_interfaces:/home/essam/ros2_ws/install/my_cpp_pkg:/home/essam/ros2_ws/install/micro_ros_agent:/home/essam/microros_ws/install/robo_interfaces:/home/essam/microros_ws/install/micro_ros_setup:/home/essam/ros2_ws_rg/install/my_robot_bringup_rg:/home/essam/ros2_ws_rg/install/my_robot_description:/home/essam/mr_ws/install/control:/home/essam/ros2_ws/install/turtlesim_catch_them_all:/home/essam/ros2_ws/install/my_py_pkg:/home/essam/ros2_ws_t/install/project_py:/opt/ros/humble /usr/bin/cmake /home/essam/mr_ws/src/robo_pro_description -DCMAKE_INSTALL_PREFIX=/home/essam/mr_ws/install/robo_pro_description
[0.079s] -- The C compiler identification is GNU 12.3.0
[0.148s] -- The CXX compiler identification is GNU 12.3.0
[0.156s] -- Detecting C compiler ABI info
[0.235s] -- Detecting C compiler ABI info - done
[0.243s] -- Check for working C compiler: /usr/bin/cc - skipped
[0.243s] -- Detecting C compile features
[0.244s] -- Detecting C compile features - done
[0.247s] -- Detecting CXX compiler ABI info
[0.348s] -- Detecting CXX compiler ABI info - done
[0.358s] -- Check for working CXX compiler: /usr/bin/c++ - skipped
[0.359s] -- Detecting CXX compile features
[0.359s] -- Detecting CXX compile features - done
[0.363s] -- Found ament_cmake: 1.3.11 (/opt/ros/humble/share/ament_cmake/cmake)
[0.752s] -- Found Python3: /usr/bin/python3 (found version "3.10.12") found components: Interpreter 
[0.928s] -- Configuring done
[0.930s] -- Generating done
[0.931s] -- Build files have been written to: /home/essam/mr_ws/build/robo_pro_description
[0.936s] Invoked command in '/home/essam/mr_ws/build/robo_pro_description' returned '0': AMENT_PREFIX_PATH=/home/essam/mr_ws/install/control:/home/essam/mr_ws/install/robo_pro_description:/home/essam/mr_ws/install/ldlidar_stl_ros2:/home/essam/ros2_ws/install/my_robot_bringup:/home/essam/ros2_ws/install/turtlesim_catch_them_all:/home/essam/ros2_ws/install/my_py_pkg:/home/essam/ros2_ws/install/my_robot_interfaces:/home/essam/ros2_ws/install/my_cpp_pkg:/home/essam/ros2_ws/install/micro_ros_agent:/home/essam/microros_ws/install/robo_interfaces:/home/essam/microros_ws/install/micro_ros_setup:/home/essam/ros2_ws_rg/install/my_robot_bringup_rg:/home/essam/ros2_ws_rg/install/my_robot_description:/home/essam/ros2_ws_t/install/project_py:/opt/ros/humble CMAKE_PREFIX_PATH=/home/essam/mr_ws/install/ldlidar_stl_ros2:/home/essam/mr_ws/install/robo_pro_description:/home/essam/ros2_ws/install/my_robot_bringup:/home/essam/ros2_ws/install/my_robot_interfaces:/home/essam/ros2_ws/install/my_cpp_pkg:/home/essam/ros2_ws/install/micro_ros_agent:/home/essam/microros_ws/install/robo_interfaces:/home/essam/microros_ws/install/micro_ros_setup:/home/essam/ros2_ws_rg/install/my_robot_bringup_rg:/home/essam/ros2_ws_rg/install/my_robot_description:/home/essam/mr_ws/install/control:/home/essam/ros2_ws/install/turtlesim_catch_them_all:/home/essam/ros2_ws/install/my_py_pkg:/home/essam/ros2_ws_t/install/project_py:/opt/ros/humble /usr/bin/cmake /home/essam/mr_ws/src/robo_pro_description -DCMAKE_INSTALL_PREFIX=/home/essam/mr_ws/install/robo_pro_description
[0.937s] Invoking command in '/home/essam/mr_ws/build/robo_pro_description': AMENT_PREFIX_PATH=/home/essam/mr_ws/install/control:/home/essam/mr_ws/install/robo_pro_description:/home/essam/mr_ws/install/ldlidar_stl_ros2:/home/essam/ros2_ws/install/my_robot_bringup:/home/essam/ros2_ws/install/turtlesim_catch_them_all:/home/essam/ros2_ws/install/my_py_pkg:/home/essam/ros2_ws/install/my_robot_interfaces:/home/essam/ros2_ws/install/my_cpp_pkg:/home/essam/ros2_ws/install/micro_ros_agent:/home/essam/microros_ws/install/robo_interfaces:/home/essam/microros_ws/install/micro_ros_setup:/home/essam/ros2_ws_rg/install/my_robot_bringup_rg:/home/essam/ros2_ws_rg/install/my_robot_description:/home/essam/ros2_ws_t/install/project_py:/opt/ros/humble CMAKE_PREFIX_PATH=/home/essam/mr_ws/install/ldlidar_stl_ros2:/home/essam/mr_ws/install/robo_pro_description:/home/essam/ros2_ws/install/my_robot_bringup:/home/essam/ros2_ws/install/my_robot_interfaces:/home/essam/ros2_ws/install/my_cpp_pkg:/home/essam/ros2_ws/install/micro_ros_agent:/home/essam/microros_ws/install/robo_interfaces:/home/essam/microros_ws/install/micro_ros_setup:/home/essam/ros2_ws_rg/install/my_robot_bringup_rg:/home/essam/ros2_ws_rg/install/my_robot_description:/home/essam/mr_ws/install/control:/home/essam/ros2_ws/install/turtlesim_catch_them_all:/home/essam/ros2_ws/install/my_py_pkg:/home/essam/ros2_ws_t/install/project_py:/opt/ros/humble /usr/bin/cmake --build /home/essam/mr_ws/build/robo_pro_description -- -j12 -l12
[0.980s] Invoked command in '/home/essam/mr_ws/build/robo_pro_description' returned '0': AMENT_PREFIX_PATH=/home/essam/mr_ws/install/control:/home/essam/mr_ws/install/robo_pro_description:/home/essam/mr_ws/install/ldlidar_stl_ros2:/home/essam/ros2_ws/install/my_robot_bringup:/home/essam/ros2_ws/install/turtlesim_catch_them_all:/home/essam/ros2_ws/install/my_py_pkg:/home/essam/ros2_ws/install/my_robot_interfaces:/home/essam/ros2_ws/install/my_cpp_pkg:/home/essam/ros2_ws/install/micro_ros_agent:/home/essam/microros_ws/install/robo_interfaces:/home/essam/microros_ws/install/micro_ros_setup:/home/essam/ros2_ws_rg/install/my_robot_bringup_rg:/home/essam/ros2_ws_rg/install/my_robot_description:/home/essam/ros2_ws_t/install/project_py:/opt/ros/humble CMAKE_PREFIX_PATH=/home/essam/mr_ws/install/ldlidar_stl_ros2:/home/essam/mr_ws/install/robo_pro_description:/home/essam/ros2_ws/install/my_robot_bringup:/home/essam/ros2_ws/install/my_robot_interfaces:/home/essam/ros2_ws/install/my_cpp_pkg:/home/essam/ros2_ws/install/micro_ros_agent:/home/essam/microros_ws/install/robo_interfaces:/home/essam/microros_ws/install/micro_ros_setup:/home/essam/ros2_ws_rg/install/my_robot_bringup_rg:/home/essam/ros2_ws_rg/install/my_robot_description:/home/essam/mr_ws/install/control:/home/essam/ros2_ws/install/turtlesim_catch_them_all:/home/essam/ros2_ws/install/my_py_pkg:/home/essam/ros2_ws_t/install/project_py:/opt/ros/humble /usr/bin/cmake --build /home/essam/mr_ws/build/robo_pro_description -- -j12 -l12
[0.982s] Invoking command in '/home/essam/mr_ws/build/robo_pro_description': AMENT_PREFIX_PATH=/home/essam/mr_ws/install/control:/home/essam/mr_ws/install/robo_pro_description:/home/essam/mr_ws/install/ldlidar_stl_ros2:/home/essam/ros2_ws/install/my_robot_bringup:/home/essam/ros2_ws/install/turtlesim_catch_them_all:/home/essam/ros2_ws/install/my_py_pkg:/home/essam/ros2_ws/install/my_robot_interfaces:/home/essam/ros2_ws/install/my_cpp_pkg:/home/essam/ros2_ws/install/micro_ros_agent:/home/essam/microros_ws/install/robo_interfaces:/home/essam/microros_ws/install/micro_ros_setup:/home/essam/ros2_ws_rg/install/my_robot_bringup_rg:/home/essam/ros2_ws_rg/install/my_robot_description:/home/essam/ros2_ws_t/install/project_py:/opt/ros/humble CMAKE_PREFIX_PATH=/home/essam/mr_ws/install/ldlidar_stl_ros2:/home/essam/mr_ws/install/robo_pro_description:/home/essam/ros2_ws/install/my_robot_bringup:/home/essam/ros2_ws/install/my_robot_interfaces:/home/essam/ros2_ws/install/my_cpp_pkg:/home/essam/ros2_ws/install/micro_ros_agent:/home/essam/microros_ws/install/robo_interfaces:/home/essam/microros_ws/install/micro_ros_setup:/home/essam/ros2_ws_rg/install/my_robot_bringup_rg:/home/essam/ros2_ws_rg/install/my_robot_description:/home/essam/mr_ws/install/control:/home/essam/ros2_ws/install/turtlesim_catch_them_all:/home/essam/ros2_ws/install/my_py_pkg:/home/essam/ros2_ws_t/install/project_py:/opt/ros/humble /usr/bin/cmake --install /home/essam/mr_ws/build/robo_pro_description
[0.991s] -- Install configuration: ""
[0.991s] -- Installing: /home/essam/mr_ws/install/robo_pro_description/share/robo_pro_description//config
[0.992s] -- Installing: /home/essam/mr_ws/install/robo_pro_description/share/robo_pro_description//config/joint_names_MR_VFP_sim.yaml
[0.992s] -- Installing: /home/essam/mr_ws/install/robo_pro_description/share/robo_pro_description//config/urdf_config.rviz
[0.992s] -- Installing: /home/essam/mr_ws/install/robo_pro_description/share/robo_pro_description//launch
[0.992s] -- Installing: /home/essam/mr_ws/install/robo_pro_description/share/robo_pro_description//launch/display.launch.py
[0.992s] -- Installing: /home/essam/mr_ws/install/robo_pro_description/share/robo_pro_description//urdf
[0.992s] -- Installing: /home/essam/mr_ws/install/robo_pro_description/share/robo_pro_description//urdf/robo_body.xacro
[0.992s] -- Installing: /home/essam/mr_ws/install/robo_pro_description/share/robo_pro_description//urdf/gazebo_control.xacro
[0.993s] -- Installing: /home/essam/mr_ws/install/robo_pro_description/share/robo_pro_description//urdf/robo.urdf.xacro
[0.993s] -- Installing: /home/essam/mr_ws/install/robo_pro_description/share/robo_pro_description//urdf/lidar_ld06.xacro
[0.993s] -- Installing: /home/essam/mr_ws/install/robo_pro_description/share/robo_pro_description//urdf/inertial_macros.xacro
[0.993s] -- Installing: /home/essam/mr_ws/install/robo_pro_description/share/robo_pro_description//world
[0.993s] -- Installing: /home/essam/mr_ws/install/robo_pro_description/share/ament_index/resource_index/package_run_dependencies/robo_pro_description
[0.993s] -- Installing: /home/essam/mr_ws/install/robo_pro_description/share/ament_index/resource_index/parent_prefix_path/robo_pro_description
[0.994s] -- Installing: /home/essam/mr_ws/install/robo_pro_description/share/robo_pro_description/environment/ament_prefix_path.sh
[0.994s] -- Installing: /home/essam/mr_ws/install/robo_pro_description/share/robo_pro_description/environment/ament_prefix_path.dsv
[0.994s] -- Installing: /home/essam/mr_ws/install/robo_pro_description/share/robo_pro_description/environment/path.sh
[0.994s] -- Installing: /home/essam/mr_ws/install/robo_pro_description/share/robo_pro_description/environment/path.dsv
[0.995s] -- Installing: /home/essam/mr_ws/install/robo_pro_description/share/robo_pro_description/local_setup.bash
[0.995s] -- Installing: /home/essam/mr_ws/install/robo_pro_description/share/robo_pro_description/local_setup.sh
[0.995s] -- Installing: /home/essam/mr_ws/install/robo_pro_description/share/robo_pro_description/local_setup.zsh
[0.995s] -- Installing: /home/essam/mr_ws/install/robo_pro_description/share/robo_pro_description/local_setup.dsv
[0.996s] -- Installing: /home/essam/mr_ws/install/robo_pro_description/share/robo_pro_description/package.dsv
[0.996s] -- Installing: /home/essam/mr_ws/install/robo_pro_description/share/ament_index/resource_index/packages/robo_pro_description
[0.996s] -- Installing: /home/essam/mr_ws/install/robo_pro_description/share/robo_pro_description/cmake/robo_pro_descriptionConfig.cmake
[0.996s] -- Installing: /home/essam/mr_ws/install/robo_pro_description/share/robo_pro_description/cmake/robo_pro_descriptionConfig-version.cmake
[0.996s] -- Installing: /home/essam/mr_ws/install/robo_pro_description/share/robo_pro_description/package.xml
[0.999s] Invoked command in '/home/essam/mr_ws/build/robo_pro_description' returned '0': AMENT_PREFIX_PATH=/home/essam/mr_ws/install/control:/home/essam/mr_ws/install/robo_pro_description:/home/essam/mr_ws/install/ldlidar_stl_ros2:/home/essam/ros2_ws/install/my_robot_bringup:/home/essam/ros2_ws/install/turtlesim_catch_them_all:/home/essam/ros2_ws/install/my_py_pkg:/home/essam/ros2_ws/install/my_robot_interfaces:/home/essam/ros2_ws/install/my_cpp_pkg:/home/essam/ros2_ws/install/micro_ros_agent:/home/essam/microros_ws/install/robo_interfaces:/home/essam/microros_ws/install/micro_ros_setup:/home/essam/ros2_ws_rg/install/my_robot_bringup_rg:/home/essam/ros2_ws_rg/install/my_robot_description:/home/essam/ros2_ws_t/install/project_py:/opt/ros/humble CMAKE_PREFIX_PATH=/home/essam/mr_ws/install/ldlidar_stl_ros2:/home/essam/mr_ws/install/robo_pro_description:/home/essam/ros2_ws/install/my_robot_bringup:/home/essam/ros2_ws/install/my_robot_interfaces:/home/essam/ros2_ws/install/my_cpp_pkg:/home/essam/ros2_ws/install/micro_ros_agent:/home/essam/microros_ws/install/robo_interfaces:/home/essam/microros_ws/install/micro_ros_setup:/home/essam/ros2_ws_rg/install/my_robot_bringup_rg:/home/essam/ros2_ws_rg/install/my_robot_description:/home/essam/mr_ws/install/control:/home/essam/ros2_ws/install/turtlesim_catch_them_all:/home/essam/ros2_ws/install/my_py_pkg:/home/essam/ros2_ws_t/install/project_py:/opt/ros/humble /usr/bin/cmake --install /home/essam/mr_ws/build/robo_pro_description
